2023-07-10 22:02:08.787 [ERRO] {883420527c86701757bd0536e7e7f778} [ 10 ms] [default] [rows:0  ] SHOW FULL COLUMNS FROM `rotation_info`
Error: Error 1045: Access denied for user 'root'@'localhost' (using password: YES)
Stack:
1.  github.com/gogf/gf/v2/database/gdb.(*Core).writeSqlToLogger
    /Users/mac/go/pkg/mod/github.com/gogf/gf/v2@v2.2.1/database/gdb/gdb_core.go:674
2.  github.com/gogf/gf/v2/database/gdb.(*Core).DoCommit
    /Users/mac/go/pkg/mod/github.com/gogf/gf/v2@v2.2.1/database/gdb/gdb_core_underlying.go:277
3.  github.com/gogf/gf/v2/database/gdb.(*Core).DoQuery
    /Users/mac/go/pkg/mod/github.com/gogf/gf/v2@v2.2.1/database/gdb/gdb_core_underlying.go:74
4.  github.com/gogf/gf/v2/database/gdb.(*Core).DoSelect
    /Users/mac/go/pkg/mod/github.com/gogf/gf/v2@v2.2.1/database/gdb/gdb_core.go:155
5.  github.com/gogf/gf/contrib/drivers/mysql/v2.(*Driver).TableFields
    /Users/mac/go/pkg/mod/github.com/gogf/gf/contrib/drivers/mysql/v2@v2.2.1/mysql.go:149
6.  github.com/gogf/gf/v2/database/gdb.(*DriverWrapperDB).TableFields.func1
    /Users/mac/go/pkg/mod/github.com/gogf/gf/v2@v2.2.1/database/gdb/gdb_driver_wrapper_db.go:80
7.  github.com/gogf/gf/v2/container/gmap.(*StrAnyMap).doSetWithLockCheck
    /Users/mac/go/pkg/mod/github.com/gogf/gf/v2@v2.2.1/container/gmap/gmap_hash_str_any_map.go:217
8.  github.com/gogf/gf/v2/container/gmap.(*StrAnyMap).GetOrSetFuncLock
    /Users/mac/go/pkg/mod/github.com/gogf/gf/v2@v2.2.1/container/gmap/gmap_hash_str_any_map.go:254
9.  github.com/gogf/gf/v2/database/gdb.(*DriverWrapperDB).TableFields
    /Users/mac/go/pkg/mod/github.com/gogf/gf/v2@v2.2.1/database/gdb/gdb_driver_wrapper_db.go:78
10. github.com/gogf/gf/v2/database/gdb.(*Model).TableFields
    /Users/mac/go/pkg/mod/github.com/gogf/gf/v2@v2.2.1/database/gdb/gdb_model_utility.go:38
11. github.com/gogf/gf/v2/database/gdb.(*Model).mappingAndFilterToTableFields
    /Users/mac/go/pkg/mod/github.com/gogf/gf/v2@v2.2.1/database/gdb/gdb_model_utility.go:56
12. github.com/gogf/gf/v2/database/gdb.(*Model).getFieldsFrom
    /Users/mac/go/pkg/mod/github.com/gogf/gf/v2@v2.2.1/database/gdb/gdb_model_fields.go:212
13. github.com/gogf/gf/v2/database/gdb.(*Model).Fields
    /Users/mac/go/pkg/mod/github.com/gogf/gf/v2@v2.2.1/database/gdb/gdb_model_fields.go:30
14. github.com/gogf/gf/v2/database/gdb.(*Model).doStructs
    /Users/mac/go/pkg/mod/github.com/gogf/gf/v2@v2.2.1/database/gdb/gdb_model_select.go:275
15. github.com/gogf/gf/v2/database/gdb.(*Model).Scan
    /Users/mac/go/pkg/mod/github.com/gogf/gf/v2@v2.2.1/database/gdb/gdb_model_select.go:323
16. goframe-shop-test/internal/logic/rotation.(*sRotation).GetList
    /Users/mac/goframe-shop-test/internal/logic/rotation/rotation.go:81
17. goframe-shop-test/internal/controller.(*cRotation).ListFrontend
    /Users/mac/goframe-shop-test/internal/controller/rotation.go:66
18. github.com/gogf/gf/v2/net/ghttp.(*middleware).callHandlerFunc.func1
    /Users/mac/go/pkg/mod/github.com/gogf/gf/v2@v2.2.1/net/ghttp/ghttp_request_middleware.go:152
19. github.com/gogf/gf/v2/net/ghttp.niceCallFunc
    /Users/mac/go/pkg/mod/github.com/gogf/gf/v2@v2.2.1/net/ghttp/ghttp_func.go:55
20. github.com/gogf/gf/v2/net/ghttp.(*middleware).callHandlerFunc
    /Users/mac/go/pkg/mod/github.com/gogf/gf/v2@v2.2.1/net/ghttp/ghttp_request_middleware.go:129
21. github.com/gogf/gf/v2/net/ghttp.(*middleware).Next.func1
    /Users/mac/go/pkg/mod/github.com/gogf/gf/v2@v2.2.1/net/ghttp/ghttp_request_middleware.go:75
22. github.com/gogf/gf/v2/util/gutil.TryCatch
    /Users/mac/go/pkg/mod/github.com/gogf/gf/v2@v2.2.1/util/gutil/gutil.go:56
23. github.com/gogf/gf/v2/net/ghttp.(*middleware).Next
    /Users/mac/go/pkg/mod/github.com/gogf/gf/v2@v2.2.1/net/ghttp/ghttp_request_middleware.go:49
24. goframe-shop-test/internal/logic/middleware.(*sMiddleware).ResponseHandler
    /Users/mac/goframe-shop-test/internal/logic/middleware/middleware.go:29
25. github.com/gogf/gf/v2/net/ghttp.(*middleware).Next.func1.1
    /Users/mac/go/pkg/mod/github.com/gogf/gf/v2@v2.2.1/net/ghttp/ghttp_request_middleware.go:55
26. github.com/gogf/gf/v2/net/ghttp.niceCallFunc
    /Users/mac/go/pkg/mod/github.com/gogf/gf/v2@v2.2.1/net/ghttp/ghttp_func.go:55
27. github.com/gogf/gf/v2/net/ghttp.(*middleware).Next.func1
    /Users/mac/go/pkg/mod/github.com/gogf/gf/v2@v2.2.1/net/ghttp/ghttp_request_middleware.go:54
28. github.com/gogf/gf/v2/util/gutil.TryCatch
    /Users/mac/go/pkg/mod/github.com/gogf/gf/v2@v2.2.1/util/gutil/gutil.go:56
29. github.com/gogf/gf/v2/net/ghttp.(*middleware).Next
    /Users/mac/go/pkg/mod/github.com/gogf/gf/v2@v2.2.1/net/ghttp/ghttp_request_middleware.go:49
30. goframe-shop-test/internal/logic/middleware.(*sMiddleware).Ctx
    /Users/mac/goframe-shop-test/internal/logic/middleware/middleware.go:86
31. github.com/gogf/gf/v2/net/ghttp.(*middleware).Next.func1.1
    /Users/mac/go/pkg/mod/github.com/gogf/gf/v2@v2.2.1/net/ghttp/ghttp_request_middleware.go:55
32. github.com/gogf/gf/v2/net/ghttp.niceCallFunc
    /Users/mac/go/pkg/mod/github.com/gogf/gf/v2@v2.2.1/net/ghttp/ghttp_func.go:55
33. github.com/gogf/gf/v2/net/ghttp.(*middleware).Next.func1
    /Users/mac/go/pkg/mod/github.com/gogf/gf/v2@v2.2.1/net/ghttp/ghttp_request_middleware.go:54
34. github.com/gogf/gf/v2/util/gutil.TryCatch
    /Users/mac/go/pkg/mod/github.com/gogf/gf/v2@v2.2.1/util/gutil/gutil.go:56
35. github.com/gogf/gf/v2/net/ghttp.(*middleware).Next
    /Users/mac/go/pkg/mod/github.com/gogf/gf/v2@v2.2.1/net/ghttp/ghttp_request_middleware.go:49
36. github.com/gogf/gf/v2/net/ghttp.internalMiddlewareServerTracing
    /Users/mac/go/pkg/mod/github.com/gogf/gf/v2@v2.2.1/net/ghttp/ghttp_middleware_tracing.go:78
37. github.com/gogf/gf/v2/net/ghttp.(*middleware).Next.func1.5
    /Users/mac/go/pkg/mod/github.com/gogf/gf/v2@v2.2.1/net/ghttp/ghttp_request_middleware.go:96
38. github.com/gogf/gf/v2/net/ghttp.niceCallFunc
    /Users/mac/go/pkg/mod/github.com/gogf/gf/v2@v2.2.1/net/ghttp/ghttp_func.go:55
39. github.com/gogf/gf/v2/net/ghttp.(*middleware).Next.func1
    /Users/mac/go/pkg/mod/github.com/gogf/gf/v2@v2.2.1/net/ghttp/ghttp_request_middleware.go:95
40. github.com/gogf/gf/v2/util/gutil.TryCatch
    /Users/mac/go/pkg/mod/github.com/gogf/gf/v2@v2.2.1/util/gutil/gutil.go:56
41. github.com/gogf/gf/v2/net/ghttp.(*middleware).Next
    /Users/mac/go/pkg/mod/github.com/gogf/gf/v2@v2.2.1/net/ghttp/ghttp_request_middleware.go:49
42. github.com/gogf/gf/v2/net/ghttp.(*Server).ServeHTTP
    /Users/mac/go/pkg/mod/github.com/gogf/gf/v2@v2.2.1/net/ghttp/ghttp_server_handler.go:121

2023-07-10 22:02:08.816 [ERRO] {883420527c86701757bd0536e7e7f778} [  9 ms] [default] [rows:0  ] SHOW FULL COLUMNS FROM `rotation_info`
Error: Error 1045: Access denied for user 'root'@'localhost' (using password: YES)
Stack:
1.  github.com/gogf/gf/v2/database/gdb.(*Core).writeSqlToLogger
    /Users/mac/go/pkg/mod/github.com/gogf/gf/v2@v2.2.1/database/gdb/gdb_core.go:674
2.  github.com/gogf/gf/v2/database/gdb.(*Core).DoCommit
    /Users/mac/go/pkg/mod/github.com/gogf/gf/v2@v2.2.1/database/gdb/gdb_core_underlying.go:277
3.  github.com/gogf/gf/v2/database/gdb.(*Core).DoQuery
    /Users/mac/go/pkg/mod/github.com/gogf/gf/v2@v2.2.1/database/gdb/gdb_core_underlying.go:74
4.  github.com/gogf/gf/v2/database/gdb.(*Core).DoSelect
    /Users/mac/go/pkg/mod/github.com/gogf/gf/v2@v2.2.1/database/gdb/gdb_core.go:155
5.  github.com/gogf/gf/contrib/drivers/mysql/v2.(*Driver).TableFields
    /Users/mac/go/pkg/mod/github.com/gogf/gf/contrib/drivers/mysql/v2@v2.2.1/mysql.go:149
6.  github.com/gogf/gf/v2/database/gdb.(*DriverWrapperDB).TableFields.func1
    /Users/mac/go/pkg/mod/github.com/gogf/gf/v2@v2.2.1/database/gdb/gdb_driver_wrapper_db.go:80
7.  github.com/gogf/gf/v2/container/gmap.(*StrAnyMap).doSetWithLockCheck
    /Users/mac/go/pkg/mod/github.com/gogf/gf/v2@v2.2.1/container/gmap/gmap_hash_str_any_map.go:217
8.  github.com/gogf/gf/v2/container/gmap.(*StrAnyMap).GetOrSetFuncLock
    /Users/mac/go/pkg/mod/github.com/gogf/gf/v2@v2.2.1/container/gmap/gmap_hash_str_any_map.go:254
9.  github.com/gogf/gf/v2/database/gdb.(*DriverWrapperDB).TableFields
    /Users/mac/go/pkg/mod/github.com/gogf/gf/v2@v2.2.1/database/gdb/gdb_driver_wrapper_db.go:78
10. github.com/gogf/gf/v2/database/gdb.(*Model).TableFields
    /Users/mac/go/pkg/mod/github.com/gogf/gf/v2@v2.2.1/database/gdb/gdb_model_utility.go:38
11. github.com/gogf/gf/v2/database/gdb.(*Model).getSoftFieldName
    /Users/mac/go/pkg/mod/github.com/gogf/gf/v2@v2.2.1/database/gdb/gdb_model_time.go:98
12. github.com/gogf/gf/v2/database/gdb.(*Model).getSoftFieldNameDeleted
    /Users/mac/go/pkg/mod/github.com/gogf/gf/v2@v2.2.1/database/gdb/gdb_model_time.go:92
13. github.com/gogf/gf/v2/database/gdb.(*Model).getConditionForSoftDeleting
    /Users/mac/go/pkg/mod/github.com/gogf/gf/v2@v2.2.1/database/gdb/gdb_model_time.go:144
14. github.com/gogf/gf/v2/database/gdb.(*Model).formatCondition
    /Users/mac/go/pkg/mod/github.com/gogf/gf/v2@v2.2.1/database/gdb/gdb_model_select.go:619
15. github.com/gogf/gf/v2/database/gdb.(*Model).getFormattedSqlAndArgs
    /Users/mac/go/pkg/mod/github.com/gogf/gf/v2@v2.2.1/database/gdb/gdb_model_select.go:577
16. github.com/gogf/gf/v2/database/gdb.(*Model).doGetAll
    /Users/mac/go/pkg/mod/github.com/gogf/gf/v2@v2.2.1/database/gdb/gdb_model_select.go:45
17. github.com/gogf/gf/v2/database/gdb.(*Model).All
    /Users/mac/go/pkg/mod/github.com/gogf/gf/v2@v2.2.1/database/gdb/gdb_model_select.go:31
18. github.com/gogf/gf/v2/database/gdb.(*Model).doStructs
    /Users/mac/go/pkg/mod/github.com/gogf/gf/v2@v2.2.1/database/gdb/gdb_model_select.go:282
19. github.com/gogf/gf/v2/database/gdb.(*Model).Scan
    /Users/mac/go/pkg/mod/github.com/gogf/gf/v2@v2.2.1/database/gdb/gdb_model_select.go:323
20. goframe-shop-test/internal/logic/rotation.(*sRotation).GetList
    /Users/mac/goframe-shop-test/internal/logic/rotation/rotation.go:81
21. goframe-shop-test/internal/controller.(*cRotation).ListFrontend
    /Users/mac/goframe-shop-test/internal/controller/rotation.go:66
22. github.com/gogf/gf/v2/net/ghttp.(*middleware).callHandlerFunc.func1
    /Users/mac/go/pkg/mod/github.com/gogf/gf/v2@v2.2.1/net/ghttp/ghttp_request_middleware.go:152
23. github.com/gogf/gf/v2/net/ghttp.niceCallFunc
    /Users/mac/go/pkg/mod/github.com/gogf/gf/v2@v2.2.1/net/ghttp/ghttp_func.go:55
24. github.com/gogf/gf/v2/net/ghttp.(*middleware).callHandlerFunc
    /Users/mac/go/pkg/mod/github.com/gogf/gf/v2@v2.2.1/net/ghttp/ghttp_request_middleware.go:129
25. github.com/gogf/gf/v2/net/ghttp.(*middleware).Next.func1
    /Users/mac/go/pkg/mod/github.com/gogf/gf/v2@v2.2.1/net/ghttp/ghttp_request_middleware.go:75
26. github.com/gogf/gf/v2/util/gutil.TryCatch
    /Users/mac/go/pkg/mod/github.com/gogf/gf/v2@v2.2.1/util/gutil/gutil.go:56
27. github.com/gogf/gf/v2/net/ghttp.(*middleware).Next
    /Users/mac/go/pkg/mod/github.com/gogf/gf/v2@v2.2.1/net/ghttp/ghttp_request_middleware.go:49
28. goframe-shop-test/internal/logic/middleware.(*sMiddleware).ResponseHandler
    /Users/mac/goframe-shop-test/internal/logic/middleware/middleware.go:29
29. github.com/gogf/gf/v2/net/ghttp.(*middleware).Next.func1.1
    /Users/mac/go/pkg/mod/github.com/gogf/gf/v2@v2.2.1/net/ghttp/ghttp_request_middleware.go:55
30. github.com/gogf/gf/v2/net/ghttp.niceCallFunc
    /Users/mac/go/pkg/mod/github.com/gogf/gf/v2@v2.2.1/net/ghttp/ghttp_func.go:55
31. github.com/gogf/gf/v2/net/ghttp.(*middleware).Next.func1
    /Users/mac/go/pkg/mod/github.com/gogf/gf/v2@v2.2.1/net/ghttp/ghttp_request_middleware.go:54
32. github.com/gogf/gf/v2/util/gutil.TryCatch
    /Users/mac/go/pkg/mod/github.com/gogf/gf/v2@v2.2.1/util/gutil/gutil.go:56
33. github.com/gogf/gf/v2/net/ghttp.(*middleware).Next
    /Users/mac/go/pkg/mod/github.com/gogf/gf/v2@v2.2.1/net/ghttp/ghttp_request_middleware.go:49
34. goframe-shop-test/internal/logic/middleware.(*sMiddleware).Ctx
    /Users/mac/goframe-shop-test/internal/logic/middleware/middleware.go:86
35. github.com/gogf/gf/v2/net/ghttp.(*middleware).Next.func1.1
    /Users/mac/go/pkg/mod/github.com/gogf/gf/v2@v2.2.1/net/ghttp/ghttp_request_middleware.go:55
36. github.com/gogf/gf/v2/net/ghttp.niceCallFunc
    /Users/mac/go/pkg/mod/github.com/gogf/gf/v2@v2.2.1/net/ghttp/ghttp_func.go:55
37. github.com/gogf/gf/v2/net/ghttp.(*middleware).Next.func1
    /Users/mac/go/pkg/mod/github.com/gogf/gf/v2@v2.2.1/net/ghttp/ghttp_request_middleware.go:54
38. github.com/gogf/gf/v2/util/gutil.TryCatch
    /Users/mac/go/pkg/mod/github.com/gogf/gf/v2@v2.2.1/util/gutil/gutil.go:56
39. github.com/gogf/gf/v2/net/ghttp.(*middleware).Next
    /Users/mac/go/pkg/mod/github.com/gogf/gf/v2@v2.2.1/net/ghttp/ghttp_request_middleware.go:49
40. github.com/gogf/gf/v2/net/ghttp.internalMiddlewareServerTracing
    /Users/mac/go/pkg/mod/github.com/gogf/gf/v2@v2.2.1/net/ghttp/ghttp_middleware_tracing.go:78
41. github.com/gogf/gf/v2/net/ghttp.(*middleware).Next.func1.5
    /Users/mac/go/pkg/mod/github.com/gogf/gf/v2@v2.2.1/net/ghttp/ghttp_request_middleware.go:96
42. github.com/gogf/gf/v2/net/ghttp.niceCallFunc
    /Users/mac/go/pkg/mod/github.com/gogf/gf/v2@v2.2.1/net/ghttp/ghttp_func.go:55
43. github.com/gogf/gf/v2/net/ghttp.(*middleware).Next.func1
    /Users/mac/go/pkg/mod/github.com/gogf/gf/v2@v2.2.1/net/ghttp/ghttp_request_middleware.go:95
44. github.com/gogf/gf/v2/util/gutil.TryCatch
    /Users/mac/go/pkg/mod/github.com/gogf/gf/v2@v2.2.1/util/gutil/gutil.go:56
45. github.com/gogf/gf/v2/net/ghttp.(*middleware).Next
    /Users/mac/go/pkg/mod/github.com/gogf/gf/v2@v2.2.1/net/ghttp/ghttp_request_middleware.go:49
46. github.com/gogf/gf/v2/net/ghttp.(*Server).ServeHTTP
    /Users/mac/go/pkg/mod/github.com/gogf/gf/v2@v2.2.1/net/ghttp/ghttp_server_handler.go:121

2023-07-10 22:02:08.831 [ERRO] {883420527c86701757bd0536e7e7f778} [  8 ms] [default] [rows:0  ] SELECT `Id`,`PicUrl`,`Link`,`Sort`,`CreatedAt`,`UpdatedAt`,`DeletedAt` FROM `rotation_info` ORDER BY `sort` DESC LIMIT 0,10
Error: Error 1045: Access denied for user 'root'@'localhost' (using password: YES)
Stack:
1.  github.com/gogf/gf/v2/database/gdb.(*Core).writeSqlToLogger
    /Users/mac/go/pkg/mod/github.com/gogf/gf/v2@v2.2.1/database/gdb/gdb_core.go:674
2.  github.com/gogf/gf/v2/database/gdb.(*Core).DoCommit
    /Users/mac/go/pkg/mod/github.com/gogf/gf/v2@v2.2.1/database/gdb/gdb_core_underlying.go:277
3.  github.com/gogf/gf/v2/database/gdb.(*Core).DoQuery
    /Users/mac/go/pkg/mod/github.com/gogf/gf/v2@v2.2.1/database/gdb/gdb_core_underlying.go:74
4.  github.com/gogf/gf/v2/database/gdb.(*Core).DoSelect
    /Users/mac/go/pkg/mod/github.com/gogf/gf/v2@v2.2.1/database/gdb/gdb_core.go:155
5.  github.com/gogf/gf/v2/database/gdb.(*HookSelectInput).Next
    /Users/mac/go/pkg/mod/github.com/gogf/gf/v2@v2.2.1/database/gdb/gdb_model_hook.go:113
6.  github.com/gogf/gf/v2/database/gdb.(*Model).doGetAllBySql
    /Users/mac/go/pkg/mod/github.com/gogf/gf/v2@v2.2.1/database/gdb/gdb_model_select.go:547
7.  github.com/gogf/gf/v2/database/gdb.(*Model).doGetAll
    /Users/mac/go/pkg/mod/github.com/gogf/gf/v2@v2.2.1/database/gdb/gdb_model_select.go:46
8.  github.com/gogf/gf/v2/database/gdb.(*Model).All
    /Users/mac/go/pkg/mod/github.com/gogf/gf/v2@v2.2.1/database/gdb/gdb_model_select.go:31
9.  github.com/gogf/gf/v2/database/gdb.(*Model).doStructs
    /Users/mac/go/pkg/mod/github.com/gogf/gf/v2@v2.2.1/database/gdb/gdb_model_select.go:282
10. github.com/gogf/gf/v2/database/gdb.(*Model).Scan
    /Users/mac/go/pkg/mod/github.com/gogf/gf/v2@v2.2.1/database/gdb/gdb_model_select.go:323
11. goframe-shop-test/internal/logic/rotation.(*sRotation).GetList
    /Users/mac/goframe-shop-test/internal/logic/rotation/rotation.go:81
12. goframe-shop-test/internal/controller.(*cRotation).ListFrontend
    /Users/mac/goframe-shop-test/internal/controller/rotation.go:66
13. github.com/gogf/gf/v2/net/ghttp.(*middleware).callHandlerFunc.func1
    /Users/mac/go/pkg/mod/github.com/gogf/gf/v2@v2.2.1/net/ghttp/ghttp_request_middleware.go:152
14. github.com/gogf/gf/v2/net/ghttp.niceCallFunc
    /Users/mac/go/pkg/mod/github.com/gogf/gf/v2@v2.2.1/net/ghttp/ghttp_func.go:55
15. github.com/gogf/gf/v2/net/ghttp.(*middleware).callHandlerFunc
    /Users/mac/go/pkg/mod/github.com/gogf/gf/v2@v2.2.1/net/ghttp/ghttp_request_middleware.go:129
16. github.com/gogf/gf/v2/net/ghttp.(*middleware).Next.func1
    /Users/mac/go/pkg/mod/github.com/gogf/gf/v2@v2.2.1/net/ghttp/ghttp_request_middleware.go:75
17. github.com/gogf/gf/v2/util/gutil.TryCatch
    /Users/mac/go/pkg/mod/github.com/gogf/gf/v2@v2.2.1/util/gutil/gutil.go:56
18. github.com/gogf/gf/v2/net/ghttp.(*middleware).Next
    /Users/mac/go/pkg/mod/github.com/gogf/gf/v2@v2.2.1/net/ghttp/ghttp_request_middleware.go:49
19. goframe-shop-test/internal/logic/middleware.(*sMiddleware).ResponseHandler
    /Users/mac/goframe-shop-test/internal/logic/middleware/middleware.go:29
20. github.com/gogf/gf/v2/net/ghttp.(*middleware).Next.func1.1
    /Users/mac/go/pkg/mod/github.com/gogf/gf/v2@v2.2.1/net/ghttp/ghttp_request_middleware.go:55
21. github.com/gogf/gf/v2/net/ghttp.niceCallFunc
    /Users/mac/go/pkg/mod/github.com/gogf/gf/v2@v2.2.1/net/ghttp/ghttp_func.go:55
22. github.com/gogf/gf/v2/net/ghttp.(*middleware).Next.func1
    /Users/mac/go/pkg/mod/github.com/gogf/gf/v2@v2.2.1/net/ghttp/ghttp_request_middleware.go:54
23. github.com/gogf/gf/v2/util/gutil.TryCatch
    /Users/mac/go/pkg/mod/github.com/gogf/gf/v2@v2.2.1/util/gutil/gutil.go:56
24. github.com/gogf/gf/v2/net/ghttp.(*middleware).Next
    /Users/mac/go/pkg/mod/github.com/gogf/gf/v2@v2.2.1/net/ghttp/ghttp_request_middleware.go:49
25. goframe-shop-test/internal/logic/middleware.(*sMiddleware).Ctx
    /Users/mac/goframe-shop-test/internal/logic/middleware/middleware.go:86
26. github.com/gogf/gf/v2/net/ghttp.(*middleware).Next.func1.1
    /Users/mac/go/pkg/mod/github.com/gogf/gf/v2@v2.2.1/net/ghttp/ghttp_request_middleware.go:55
27. github.com/gogf/gf/v2/net/ghttp.niceCallFunc
    /Users/mac/go/pkg/mod/github.com/gogf/gf/v2@v2.2.1/net/ghttp/ghttp_func.go:55
28. github.com/gogf/gf/v2/net/ghttp.(*middleware).Next.func1
    /Users/mac/go/pkg/mod/github.com/gogf/gf/v2@v2.2.1/net/ghttp/ghttp_request_middleware.go:54
29. github.com/gogf/gf/v2/util/gutil.TryCatch
    /Users/mac/go/pkg/mod/github.com/gogf/gf/v2@v2.2.1/util/gutil/gutil.go:56
30. github.com/gogf/gf/v2/net/ghttp.(*middleware).Next
    /Users/mac/go/pkg/mod/github.com/gogf/gf/v2@v2.2.1/net/ghttp/ghttp_request_middleware.go:49
31. github.com/gogf/gf/v2/net/ghttp.internalMiddlewareServerTracing
    /Users/mac/go/pkg/mod/github.com/gogf/gf/v2@v2.2.1/net/ghttp/ghttp_middleware_tracing.go:78
32. github.com/gogf/gf/v2/net/ghttp.(*middleware).Next.func1.5
    /Users/mac/go/pkg/mod/github.com/gogf/gf/v2@v2.2.1/net/ghttp/ghttp_request_middleware.go:96
33. github.com/gogf/gf/v2/net/ghttp.niceCallFunc
    /Users/mac/go/pkg/mod/github.com/gogf/gf/v2@v2.2.1/net/ghttp/ghttp_func.go:55
34. github.com/gogf/gf/v2/net/ghttp.(*middleware).Next.func1
    /Users/mac/go/pkg/mod/github.com/gogf/gf/v2@v2.2.1/net/ghttp/ghttp_request_middleware.go:95
35. github.com/gogf/gf/v2/util/gutil.TryCatch
    /Users/mac/go/pkg/mod/github.com/gogf/gf/v2@v2.2.1/util/gutil/gutil.go:56
36. github.com/gogf/gf/v2/net/ghttp.(*middleware).Next
    /Users/mac/go/pkg/mod/github.com/gogf/gf/v2@v2.2.1/net/ghttp/ghttp_request_middleware.go:49
37. github.com/gogf/gf/v2/net/ghttp.(*Server).ServeHTTP
    /Users/mac/go/pkg/mod/github.com/gogf/gf/v2@v2.2.1/net/ghttp/ghttp_server_handler.go:121

2023-07-10 22:10:41.408 [ERRO] {5843baacf386701758bd0536f3301845} [ 10 ms] [default] [rows:0  ] SHOW FULL COLUMNS FROM `rotation_info`
Error: Error 1045: Access denied for user 'root'@'localhost' (using password: YES)
Stack:
1.  github.com/gogf/gf/v2/database/gdb.(*Core).writeSqlToLogger
    /Users/mac/go/pkg/mod/github.com/gogf/gf/v2@v2.2.1/database/gdb/gdb_core.go:674
2.  github.com/gogf/gf/v2/database/gdb.(*Core).DoCommit
    /Users/mac/go/pkg/mod/github.com/gogf/gf/v2@v2.2.1/database/gdb/gdb_core_underlying.go:277
3.  github.com/gogf/gf/v2/database/gdb.(*Core).DoQuery
    /Users/mac/go/pkg/mod/github.com/gogf/gf/v2@v2.2.1/database/gdb/gdb_core_underlying.go:74
4.  github.com/gogf/gf/v2/database/gdb.(*Core).DoSelect
    /Users/mac/go/pkg/mod/github.com/gogf/gf/v2@v2.2.1/database/gdb/gdb_core.go:155
5.  github.com/gogf/gf/contrib/drivers/mysql/v2.(*Driver).TableFields
    /Users/mac/go/pkg/mod/github.com/gogf/gf/contrib/drivers/mysql/v2@v2.2.1/mysql.go:149
6.  github.com/gogf/gf/v2/database/gdb.(*DriverWrapperDB).TableFields.func1
    /Users/mac/go/pkg/mod/github.com/gogf/gf/v2@v2.2.1/database/gdb/gdb_driver_wrapper_db.go:80
7.  github.com/gogf/gf/v2/container/gmap.(*StrAnyMap).doSetWithLockCheck
    /Users/mac/go/pkg/mod/github.com/gogf/gf/v2@v2.2.1/container/gmap/gmap_hash_str_any_map.go:217
8.  github.com/gogf/gf/v2/container/gmap.(*StrAnyMap).GetOrSetFuncLock
    /Users/mac/go/pkg/mod/github.com/gogf/gf/v2@v2.2.1/container/gmap/gmap_hash_str_any_map.go:254
9.  github.com/gogf/gf/v2/database/gdb.(*DriverWrapperDB).TableFields
    /Users/mac/go/pkg/mod/github.com/gogf/gf/v2@v2.2.1/database/gdb/gdb_driver_wrapper_db.go:78
10. github.com/gogf/gf/v2/database/gdb.(*Model).TableFields
    /Users/mac/go/pkg/mod/github.com/gogf/gf/v2@v2.2.1/database/gdb/gdb_model_utility.go:38
11. github.com/gogf/gf/v2/database/gdb.(*Model).mappingAndFilterToTableFields
    /Users/mac/go/pkg/mod/github.com/gogf/gf/v2@v2.2.1/database/gdb/gdb_model_utility.go:56
12. github.com/gogf/gf/v2/database/gdb.(*Model).getFieldsFrom
    /Users/mac/go/pkg/mod/github.com/gogf/gf/v2@v2.2.1/database/gdb/gdb_model_fields.go:212
13. github.com/gogf/gf/v2/database/gdb.(*Model).Fields
    /Users/mac/go/pkg/mod/github.com/gogf/gf/v2@v2.2.1/database/gdb/gdb_model_fields.go:30
14. github.com/gogf/gf/v2/database/gdb.(*Model).doStructs
    /Users/mac/go/pkg/mod/github.com/gogf/gf/v2@v2.2.1/database/gdb/gdb_model_select.go:275
15. github.com/gogf/gf/v2/database/gdb.(*Model).Scan
    /Users/mac/go/pkg/mod/github.com/gogf/gf/v2@v2.2.1/database/gdb/gdb_model_select.go:323
16. goframe-shop-test/internal/logic/rotation.(*sRotation).GetList
    /Users/mac/goframe-shop-test/internal/logic/rotation/rotation.go:81
17. goframe-shop-test/internal/controller.(*cRotation).ListFrontend
    /Users/mac/goframe-shop-test/internal/controller/rotation.go:66
18. github.com/gogf/gf/v2/net/ghttp.(*middleware).callHandlerFunc.func1
    /Users/mac/go/pkg/mod/github.com/gogf/gf/v2@v2.2.1/net/ghttp/ghttp_request_middleware.go:152
19. github.com/gogf/gf/v2/net/ghttp.niceCallFunc
    /Users/mac/go/pkg/mod/github.com/gogf/gf/v2@v2.2.1/net/ghttp/ghttp_func.go:55
20. github.com/gogf/gf/v2/net/ghttp.(*middleware).callHandlerFunc
    /Users/mac/go/pkg/mod/github.com/gogf/gf/v2@v2.2.1/net/ghttp/ghttp_request_middleware.go:129
21. github.com/gogf/gf/v2/net/ghttp.(*middleware).Next.func1
    /Users/mac/go/pkg/mod/github.com/gogf/gf/v2@v2.2.1/net/ghttp/ghttp_request_middleware.go:75
22. github.com/gogf/gf/v2/util/gutil.TryCatch
    /Users/mac/go/pkg/mod/github.com/gogf/gf/v2@v2.2.1/util/gutil/gutil.go:56
23. github.com/gogf/gf/v2/net/ghttp.(*middleware).Next
    /Users/mac/go/pkg/mod/github.com/gogf/gf/v2@v2.2.1/net/ghttp/ghttp_request_middleware.go:49
24. goframe-shop-test/internal/logic/middleware.(*sMiddleware).ResponseHandler
    /Users/mac/goframe-shop-test/internal/logic/middleware/middleware.go:29
25. github.com/gogf/gf/v2/net/ghttp.(*middleware).Next.func1.1
    /Users/mac/go/pkg/mod/github.com/gogf/gf/v2@v2.2.1/net/ghttp/ghttp_request_middleware.go:55
26. github.com/gogf/gf/v2/net/ghttp.niceCallFunc
    /Users/mac/go/pkg/mod/github.com/gogf/gf/v2@v2.2.1/net/ghttp/ghttp_func.go:55
27. github.com/gogf/gf/v2/net/ghttp.(*middleware).Next.func1
    /Users/mac/go/pkg/mod/github.com/gogf/gf/v2@v2.2.1/net/ghttp/ghttp_request_middleware.go:54
28. github.com/gogf/gf/v2/util/gutil.TryCatch
    /Users/mac/go/pkg/mod/github.com/gogf/gf/v2@v2.2.1/util/gutil/gutil.go:56
29. github.com/gogf/gf/v2/net/ghttp.(*middleware).Next
    /Users/mac/go/pkg/mod/github.com/gogf/gf/v2@v2.2.1/net/ghttp/ghttp_request_middleware.go:49
30. goframe-shop-test/internal/logic/middleware.(*sMiddleware).Ctx
    /Users/mac/goframe-shop-test/internal/logic/middleware/middleware.go:86
31. github.com/gogf/gf/v2/net/ghttp.(*middleware).Next.func1.1
    /Users/mac/go/pkg/mod/github.com/gogf/gf/v2@v2.2.1/net/ghttp/ghttp_request_middleware.go:55
32. github.com/gogf/gf/v2/net/ghttp.niceCallFunc
    /Users/mac/go/pkg/mod/github.com/gogf/gf/v2@v2.2.1/net/ghttp/ghttp_func.go:55
33. github.com/gogf/gf/v2/net/ghttp.(*middleware).Next.func1
    /Users/mac/go/pkg/mod/github.com/gogf/gf/v2@v2.2.1/net/ghttp/ghttp_request_middleware.go:54
34. github.com/gogf/gf/v2/util/gutil.TryCatch
    /Users/mac/go/pkg/mod/github.com/gogf/gf/v2@v2.2.1/util/gutil/gutil.go:56
35. github.com/gogf/gf/v2/net/ghttp.(*middleware).Next
    /Users/mac/go/pkg/mod/github.com/gogf/gf/v2@v2.2.1/net/ghttp/ghttp_request_middleware.go:49
36. github.com/gogf/gf/v2/net/ghttp.internalMiddlewareServerTracing
    /Users/mac/go/pkg/mod/github.com/gogf/gf/v2@v2.2.1/net/ghttp/ghttp_middleware_tracing.go:78
37. github.com/gogf/gf/v2/net/ghttp.(*middleware).Next.func1.5
    /Users/mac/go/pkg/mod/github.com/gogf/gf/v2@v2.2.1/net/ghttp/ghttp_request_middleware.go:96
38. github.com/gogf/gf/v2/net/ghttp.niceCallFunc
    /Users/mac/go/pkg/mod/github.com/gogf/gf/v2@v2.2.1/net/ghttp/ghttp_func.go:55
39. github.com/gogf/gf/v2/net/ghttp.(*middleware).Next.func1
    /Users/mac/go/pkg/mod/github.com/gogf/gf/v2@v2.2.1/net/ghttp/ghttp_request_middleware.go:95
40. github.com/gogf/gf/v2/util/gutil.TryCatch
    /Users/mac/go/pkg/mod/github.com/gogf/gf/v2@v2.2.1/util/gutil/gutil.go:56
41. github.com/gogf/gf/v2/net/ghttp.(*middleware).Next
    /Users/mac/go/pkg/mod/github.com/gogf/gf/v2@v2.2.1/net/ghttp/ghttp_request_middleware.go:49
42. github.com/gogf/gf/v2/net/ghttp.(*Server).ServeHTTP
    /Users/mac/go/pkg/mod/github.com/gogf/gf/v2@v2.2.1/net/ghttp/ghttp_server_handler.go:121

2023-07-10 22:10:41.431 [ERRO] {5843baacf386701758bd0536f3301845} [ 10 ms] [default] [rows:0  ] SHOW FULL COLUMNS FROM `rotation_info`
Error: Error 1045: Access denied for user 'root'@'localhost' (using password: YES)
Stack:
1.  github.com/gogf/gf/v2/database/gdb.(*Core).writeSqlToLogger
    /Users/mac/go/pkg/mod/github.com/gogf/gf/v2@v2.2.1/database/gdb/gdb_core.go:674
2.  github.com/gogf/gf/v2/database/gdb.(*Core).DoCommit
    /Users/mac/go/pkg/mod/github.com/gogf/gf/v2@v2.2.1/database/gdb/gdb_core_underlying.go:277
3.  github.com/gogf/gf/v2/database/gdb.(*Core).DoQuery
    /Users/mac/go/pkg/mod/github.com/gogf/gf/v2@v2.2.1/database/gdb/gdb_core_underlying.go:74
4.  github.com/gogf/gf/v2/database/gdb.(*Core).DoSelect
    /Users/mac/go/pkg/mod/github.com/gogf/gf/v2@v2.2.1/database/gdb/gdb_core.go:155
5.  github.com/gogf/gf/contrib/drivers/mysql/v2.(*Driver).TableFields
    /Users/mac/go/pkg/mod/github.com/gogf/gf/contrib/drivers/mysql/v2@v2.2.1/mysql.go:149
6.  github.com/gogf/gf/v2/database/gdb.(*DriverWrapperDB).TableFields.func1
    /Users/mac/go/pkg/mod/github.com/gogf/gf/v2@v2.2.1/database/gdb/gdb_driver_wrapper_db.go:80
7.  github.com/gogf/gf/v2/container/gmap.(*StrAnyMap).doSetWithLockCheck
    /Users/mac/go/pkg/mod/github.com/gogf/gf/v2@v2.2.1/container/gmap/gmap_hash_str_any_map.go:217
8.  github.com/gogf/gf/v2/container/gmap.(*StrAnyMap).GetOrSetFuncLock
    /Users/mac/go/pkg/mod/github.com/gogf/gf/v2@v2.2.1/container/gmap/gmap_hash_str_any_map.go:254
9.  github.com/gogf/gf/v2/database/gdb.(*DriverWrapperDB).TableFields
    /Users/mac/go/pkg/mod/github.com/gogf/gf/v2@v2.2.1/database/gdb/gdb_driver_wrapper_db.go:78
10. github.com/gogf/gf/v2/database/gdb.(*Model).TableFields
    /Users/mac/go/pkg/mod/github.com/gogf/gf/v2@v2.2.1/database/gdb/gdb_model_utility.go:38
11. github.com/gogf/gf/v2/database/gdb.(*Model).getSoftFieldName
    /Users/mac/go/pkg/mod/github.com/gogf/gf/v2@v2.2.1/database/gdb/gdb_model_time.go:98
12. github.com/gogf/gf/v2/database/gdb.(*Model).getSoftFieldNameDeleted
    /Users/mac/go/pkg/mod/github.com/gogf/gf/v2@v2.2.1/database/gdb/gdb_model_time.go:92
13. github.com/gogf/gf/v2/database/gdb.(*Model).getConditionForSoftDeleting
    /Users/mac/go/pkg/mod/github.com/gogf/gf/v2@v2.2.1/database/gdb/gdb_model_time.go:144
14. github.com/gogf/gf/v2/database/gdb.(*Model).formatCondition
    /Users/mac/go/pkg/mod/github.com/gogf/gf/v2@v2.2.1/database/gdb/gdb_model_select.go:619
15. github.com/gogf/gf/v2/database/gdb.(*Model).getFormattedSqlAndArgs
    /Users/mac/go/pkg/mod/github.com/gogf/gf/v2@v2.2.1/database/gdb/gdb_model_select.go:577
16. github.com/gogf/gf/v2/database/gdb.(*Model).doGetAll
    /Users/mac/go/pkg/mod/github.com/gogf/gf/v2@v2.2.1/database/gdb/gdb_model_select.go:45
17. github.com/gogf/gf/v2/database/gdb.(*Model).All
    /Users/mac/go/pkg/mod/github.com/gogf/gf/v2@v2.2.1/database/gdb/gdb_model_select.go:31
18. github.com/gogf/gf/v2/database/gdb.(*Model).doStructs
    /Users/mac/go/pkg/mod/github.com/gogf/gf/v2@v2.2.1/database/gdb/gdb_model_select.go:282
19. github.com/gogf/gf/v2/database/gdb.(*Model).Scan
    /Users/mac/go/pkg/mod/github.com/gogf/gf/v2@v2.2.1/database/gdb/gdb_model_select.go:323
20. goframe-shop-test/internal/logic/rotation.(*sRotation).GetList
    /Users/mac/goframe-shop-test/internal/logic/rotation/rotation.go:81
21. goframe-shop-test/internal/controller.(*cRotation).ListFrontend
    /Users/mac/goframe-shop-test/internal/controller/rotation.go:66
22. github.com/gogf/gf/v2/net/ghttp.(*middleware).callHandlerFunc.func1
    /Users/mac/go/pkg/mod/github.com/gogf/gf/v2@v2.2.1/net/ghttp/ghttp_request_middleware.go:152
23. github.com/gogf/gf/v2/net/ghttp.niceCallFunc
    /Users/mac/go/pkg/mod/github.com/gogf/gf/v2@v2.2.1/net/ghttp/ghttp_func.go:55
24. github.com/gogf/gf/v2/net/ghttp.(*middleware).callHandlerFunc
    /Users/mac/go/pkg/mod/github.com/gogf/gf/v2@v2.2.1/net/ghttp/ghttp_request_middleware.go:129
25. github.com/gogf/gf/v2/net/ghttp.(*middleware).Next.func1
    /Users/mac/go/pkg/mod/github.com/gogf/gf/v2@v2.2.1/net/ghttp/ghttp_request_middleware.go:75
26. github.com/gogf/gf/v2/util/gutil.TryCatch
    /Users/mac/go/pkg/mod/github.com/gogf/gf/v2@v2.2.1/util/gutil/gutil.go:56
27. github.com/gogf/gf/v2/net/ghttp.(*middleware).Next
    /Users/mac/go/pkg/mod/github.com/gogf/gf/v2@v2.2.1/net/ghttp/ghttp_request_middleware.go:49
28. goframe-shop-test/internal/logic/middleware.(*sMiddleware).ResponseHandler
    /Users/mac/goframe-shop-test/internal/logic/middleware/middleware.go:29
29. github.com/gogf/gf/v2/net/ghttp.(*middleware).Next.func1.1
    /Users/mac/go/pkg/mod/github.com/gogf/gf/v2@v2.2.1/net/ghttp/ghttp_request_middleware.go:55
30. github.com/gogf/gf/v2/net/ghttp.niceCallFunc
    /Users/mac/go/pkg/mod/github.com/gogf/gf/v2@v2.2.1/net/ghttp/ghttp_func.go:55
31. github.com/gogf/gf/v2/net/ghttp.(*middleware).Next.func1
    /Users/mac/go/pkg/mod/github.com/gogf/gf/v2@v2.2.1/net/ghttp/ghttp_request_middleware.go:54
32. github.com/gogf/gf/v2/util/gutil.TryCatch
    /Users/mac/go/pkg/mod/github.com/gogf/gf/v2@v2.2.1/util/gutil/gutil.go:56
33. github.com/gogf/gf/v2/net/ghttp.(*middleware).Next
    /Users/mac/go/pkg/mod/github.com/gogf/gf/v2@v2.2.1/net/ghttp/ghttp_request_middleware.go:49
34. goframe-shop-test/internal/logic/middleware.(*sMiddleware).Ctx
    /Users/mac/goframe-shop-test/internal/logic/middleware/middleware.go:86
35. github.com/gogf/gf/v2/net/ghttp.(*middleware).Next.func1.1
    /Users/mac/go/pkg/mod/github.com/gogf/gf/v2@v2.2.1/net/ghttp/ghttp_request_middleware.go:55
36. github.com/gogf/gf/v2/net/ghttp.niceCallFunc
    /Users/mac/go/pkg/mod/github.com/gogf/gf/v2@v2.2.1/net/ghttp/ghttp_func.go:55
37. github.com/gogf/gf/v2/net/ghttp.(*middleware).Next.func1
    /Users/mac/go/pkg/mod/github.com/gogf/gf/v2@v2.2.1/net/ghttp/ghttp_request_middleware.go:54
38. github.com/gogf/gf/v2/util/gutil.TryCatch
    /Users/mac/go/pkg/mod/github.com/gogf/gf/v2@v2.2.1/util/gutil/gutil.go:56
39. github.com/gogf/gf/v2/net/ghttp.(*middleware).Next
    /Users/mac/go/pkg/mod/github.com/gogf/gf/v2@v2.2.1/net/ghttp/ghttp_request_middleware.go:49
40. github.com/gogf/gf/v2/net/ghttp.internalMiddlewareServerTracing
    /Users/mac/go/pkg/mod/github.com/gogf/gf/v2@v2.2.1/net/ghttp/ghttp_middleware_tracing.go:78
41. github.com/gogf/gf/v2/net/ghttp.(*middleware).Next.func1.5
    /Users/mac/go/pkg/mod/github.com/gogf/gf/v2@v2.2.1/net/ghttp/ghttp_request_middleware.go:96
42. github.com/gogf/gf/v2/net/ghttp.niceCallFunc
    /Users/mac/go/pkg/mod/github.com/gogf/gf/v2@v2.2.1/net/ghttp/ghttp_func.go:55
43. github.com/gogf/gf/v2/net/ghttp.(*middleware).Next.func1
    /Users/mac/go/pkg/mod/github.com/gogf/gf/v2@v2.2.1/net/ghttp/ghttp_request_middleware.go:95
44. github.com/gogf/gf/v2/util/gutil.TryCatch
    /Users/mac/go/pkg/mod/github.com/gogf/gf/v2@v2.2.1/util/gutil/gutil.go:56
45. github.com/gogf/gf/v2/net/ghttp.(*middleware).Next
    /Users/mac/go/pkg/mod/github.com/gogf/gf/v2@v2.2.1/net/ghttp/ghttp_request_middleware.go:49
46. github.com/gogf/gf/v2/net/ghttp.(*Server).ServeHTTP
    /Users/mac/go/pkg/mod/github.com/gogf/gf/v2@v2.2.1/net/ghttp/ghttp_server_handler.go:121

2023-07-10 22:10:41.456 [ERRO] {5843baacf386701758bd0536f3301845} [  8 ms] [default] [rows:0  ] SELECT `Id`,`PicUrl`,`Link`,`Sort`,`CreatedAt`,`UpdatedAt`,`DeletedAt` FROM `rotation_info` ORDER BY `sort` DESC LIMIT 0,10
Error: Error 1045: Access denied for user 'root'@'localhost' (using password: YES)
Stack:
1.  github.com/gogf/gf/v2/database/gdb.(*Core).writeSqlToLogger
    /Users/mac/go/pkg/mod/github.com/gogf/gf/v2@v2.2.1/database/gdb/gdb_core.go:674
2.  github.com/gogf/gf/v2/database/gdb.(*Core).DoCommit
    /Users/mac/go/pkg/mod/github.com/gogf/gf/v2@v2.2.1/database/gdb/gdb_core_underlying.go:277
3.  github.com/gogf/gf/v2/database/gdb.(*Core).DoQuery
    /Users/mac/go/pkg/mod/github.com/gogf/gf/v2@v2.2.1/database/gdb/gdb_core_underlying.go:74
4.  github.com/gogf/gf/v2/database/gdb.(*Core).DoSelect
    /Users/mac/go/pkg/mod/github.com/gogf/gf/v2@v2.2.1/database/gdb/gdb_core.go:155
5.  github.com/gogf/gf/v2/database/gdb.(*HookSelectInput).Next
    /Users/mac/go/pkg/mod/github.com/gogf/gf/v2@v2.2.1/database/gdb/gdb_model_hook.go:113
6.  github.com/gogf/gf/v2/database/gdb.(*Model).doGetAllBySql
    /Users/mac/go/pkg/mod/github.com/gogf/gf/v2@v2.2.1/database/gdb/gdb_model_select.go:547
7.  github.com/gogf/gf/v2/database/gdb.(*Model).doGetAll
    /Users/mac/go/pkg/mod/github.com/gogf/gf/v2@v2.2.1/database/gdb/gdb_model_select.go:46
8.  github.com/gogf/gf/v2/database/gdb.(*Model).All
    /Users/mac/go/pkg/mod/github.com/gogf/gf/v2@v2.2.1/database/gdb/gdb_model_select.go:31
9.  github.com/gogf/gf/v2/database/gdb.(*Model).doStructs
    /Users/mac/go/pkg/mod/github.com/gogf/gf/v2@v2.2.1/database/gdb/gdb_model_select.go:282
10. github.com/gogf/gf/v2/database/gdb.(*Model).Scan
    /Users/mac/go/pkg/mod/github.com/gogf/gf/v2@v2.2.1/database/gdb/gdb_model_select.go:323
11. goframe-shop-test/internal/logic/rotation.(*sRotation).GetList
    /Users/mac/goframe-shop-test/internal/logic/rotation/rotation.go:81
12. goframe-shop-test/internal/controller.(*cRotation).ListFrontend
    /Users/mac/goframe-shop-test/internal/controller/rotation.go:66
13. github.com/gogf/gf/v2/net/ghttp.(*middleware).callHandlerFunc.func1
    /Users/mac/go/pkg/mod/github.com/gogf/gf/v2@v2.2.1/net/ghttp/ghttp_request_middleware.go:152
14. github.com/gogf/gf/v2/net/ghttp.niceCallFunc
    /Users/mac/go/pkg/mod/github.com/gogf/gf/v2@v2.2.1/net/ghttp/ghttp_func.go:55
15. github.com/gogf/gf/v2/net/ghttp.(*middleware).callHandlerFunc
    /Users/mac/go/pkg/mod/github.com/gogf/gf/v2@v2.2.1/net/ghttp/ghttp_request_middleware.go:129
16. github.com/gogf/gf/v2/net/ghttp.(*middleware).Next.func1
    /Users/mac/go/pkg/mod/github.com/gogf/gf/v2@v2.2.1/net/ghttp/ghttp_request_middleware.go:75
17. github.com/gogf/gf/v2/util/gutil.TryCatch
    /Users/mac/go/pkg/mod/github.com/gogf/gf/v2@v2.2.1/util/gutil/gutil.go:56
18. github.com/gogf/gf/v2/net/ghttp.(*middleware).Next
    /Users/mac/go/pkg/mod/github.com/gogf/gf/v2@v2.2.1/net/ghttp/ghttp_request_middleware.go:49
19. goframe-shop-test/internal/logic/middleware.(*sMiddleware).ResponseHandler
    /Users/mac/goframe-shop-test/internal/logic/middleware/middleware.go:29
20. github.com/gogf/gf/v2/net/ghttp.(*middleware).Next.func1.1
    /Users/mac/go/pkg/mod/github.com/gogf/gf/v2@v2.2.1/net/ghttp/ghttp_request_middleware.go:55
21. github.com/gogf/gf/v2/net/ghttp.niceCallFunc
    /Users/mac/go/pkg/mod/github.com/gogf/gf/v2@v2.2.1/net/ghttp/ghttp_func.go:55
22. github.com/gogf/gf/v2/net/ghttp.(*middleware).Next.func1
    /Users/mac/go/pkg/mod/github.com/gogf/gf/v2@v2.2.1/net/ghttp/ghttp_request_middleware.go:54
23. github.com/gogf/gf/v2/util/gutil.TryCatch
    /Users/mac/go/pkg/mod/github.com/gogf/gf/v2@v2.2.1/util/gutil/gutil.go:56
24. github.com/gogf/gf/v2/net/ghttp.(*middleware).Next
    /Users/mac/go/pkg/mod/github.com/gogf/gf/v2@v2.2.1/net/ghttp/ghttp_request_middleware.go:49
25. goframe-shop-test/internal/logic/middleware.(*sMiddleware).Ctx
    /Users/mac/goframe-shop-test/internal/logic/middleware/middleware.go:86
26. github.com/gogf/gf/v2/net/ghttp.(*middleware).Next.func1.1
    /Users/mac/go/pkg/mod/github.com/gogf/gf/v2@v2.2.1/net/ghttp/ghttp_request_middleware.go:55
27. github.com/gogf/gf/v2/net/ghttp.niceCallFunc
    /Users/mac/go/pkg/mod/github.com/gogf/gf/v2@v2.2.1/net/ghttp/ghttp_func.go:55
28. github.com/gogf/gf/v2/net/ghttp.(*middleware).Next.func1
    /Users/mac/go/pkg/mod/github.com/gogf/gf/v2@v2.2.1/net/ghttp/ghttp_request_middleware.go:54
29. github.com/gogf/gf/v2/util/gutil.TryCatch
    /Users/mac/go/pkg/mod/github.com/gogf/gf/v2@v2.2.1/util/gutil/gutil.go:56
30. github.com/gogf/gf/v2/net/ghttp.(*middleware).Next
    /Users/mac/go/pkg/mod/github.com/gogf/gf/v2@v2.2.1/net/ghttp/ghttp_request_middleware.go:49
31. github.com/gogf/gf/v2/net/ghttp.internalMiddlewareServerTracing
    /Users/mac/go/pkg/mod/github.com/gogf/gf/v2@v2.2.1/net/ghttp/ghttp_middleware_tracing.go:78
32. github.com/gogf/gf/v2/net/ghttp.(*middleware).Next.func1.5
    /Users/mac/go/pkg/mod/github.com/gogf/gf/v2@v2.2.1/net/ghttp/ghttp_request_middleware.go:96
33. github.com/gogf/gf/v2/net/ghttp.niceCallFunc
    /Users/mac/go/pkg/mod/github.com/gogf/gf/v2@v2.2.1/net/ghttp/ghttp_func.go:55
34. github.com/gogf/gf/v2/net/ghttp.(*middleware).Next.func1
    /Users/mac/go/pkg/mod/github.com/gogf/gf/v2@v2.2.1/net/ghttp/ghttp_request_middleware.go:95
35. github.com/gogf/gf/v2/util/gutil.TryCatch
    /Users/mac/go/pkg/mod/github.com/gogf/gf/v2@v2.2.1/util/gutil/gutil.go:56
36. github.com/gogf/gf/v2/net/ghttp.(*middleware).Next
    /Users/mac/go/pkg/mod/github.com/gogf/gf/v2@v2.2.1/net/ghttp/ghttp_request_middleware.go:49
37. github.com/gogf/gf/v2/net/ghttp.(*Server).ServeHTTP
    /Users/mac/go/pkg/mod/github.com/gogf/gf/v2@v2.2.1/net/ghttp/ghttp_server_handler.go:121

2023-07-10 22:12:23.878 [DEBU] {30a2b7880b877017c89093002cb545d7} [  5 ms] [default] [rows:7  ] SHOW FULL COLUMNS FROM `rotation_info`
2023-07-10 22:12:23.879 [DEBU] {30a2b7880b877017c89093002cb545d7} [  1 ms] [default] [rows:10 ] SELECT `id`,`pic_url`,`link`,`sort`,`created_at`,`updated_at`,`deleted_at` FROM `rotation_info` WHERE `deleted_at` IS NULL ORDER BY `sort` DESC LIMIT 0,10
2023-07-10 22:12:23.881 [DEBU] {30a2b7880b877017c89093002cb545d7} [  1 ms] [default] [rows:1  ] SELECT COUNT(1) FROM `rotation_info` WHERE `deleted_at` IS NULL
2023-07-10 22:12:23.882 [DEBU] {30a2b7880b877017c89093002cb545d7} [  0 ms] [default] [rows:10 ] SELECT `id`,`pic_url`,`link`,`sort`,`created_at`,`updated_at` FROM `rotation_info` WHERE `deleted_at` IS NULL ORDER BY `sort` DESC LIMIT 0,10
2023-07-10 22:12:31.455 [DEBU] {b82fa04c0d877017c9909300bde80c4c} [  1 ms] [default] [rows:10 ] SELECT `id`,`pic_url`,`link`,`sort`,`created_at`,`updated_at`,`deleted_at` FROM `rotation_info` WHERE `deleted_at` IS NULL ORDER BY `sort` DESC LIMIT 0,10
2023-07-10 22:12:31.457 [DEBU] {b82fa04c0d877017c9909300bde80c4c} [  0 ms] [default] [rows:1  ] SELECT COUNT(1) FROM `rotation_info` WHERE `deleted_at` IS NULL
2023-07-10 22:12:31.459 [DEBU] {b82fa04c0d877017c9909300bde80c4c} [  1 ms] [default] [rows:10 ] SELECT `id`,`pic_url`,`link`,`sort`,`created_at`,`updated_at` FROM `rotation_info` WHERE `deleted_at` IS NULL ORDER BY `sort` DESC LIMIT 0,10
2023-07-10 22:13:02.699 [DEBU] {e0eed49214877017ca909300e85ebf23} [  2 ms] [default] [rows:10 ] SELECT `id`,`pic_url`,`link`,`sort`,`created_at`,`updated_at`,`deleted_at` FROM `rotation_info` WHERE `deleted_at` IS NULL ORDER BY `sort` DESC LIMIT 0,10
2023-07-10 22:13:02.700 [DEBU] {e0eed49214877017ca909300e85ebf23} [  0 ms] [default] [rows:1  ] SELECT COUNT(1) FROM `rotation_info` WHERE `deleted_at` IS NULL
2023-07-10 22:13:02.701 [DEBU] {e0eed49214877017ca909300e85ebf23} [  1 ms] [default] [rows:10 ] SELECT `id`,`pic_url`,`link`,`sort`,`created_at`,`updated_at` FROM `rotation_info` WHERE `deleted_at` IS NULL ORDER BY `sort` DESC LIMIT 0,10
2023-07-10 22:13:40.909 [DEBU] {28405c781d877017cb90930026481a05} [  2 ms] [default] [rows:10 ] SELECT `id`,`pic_url`,`link`,`sort`,`created_at`,`updated_at`,`deleted_at` FROM `rotation_info` WHERE `deleted_at` IS NULL ORDER BY `sort` DESC LIMIT 0,10
2023-07-10 22:13:40.911 [DEBU] {28405c781d877017cb90930026481a05} [  1 ms] [default] [rows:1  ] SELECT COUNT(1) FROM `rotation_info` WHERE `deleted_at` IS NULL
2023-07-10 22:13:40.913 [DEBU] {28405c781d877017cb90930026481a05} [  1 ms] [default] [rows:10 ] SELECT `id`,`pic_url`,`link`,`sort`,`created_at`,`updated_at` FROM `rotation_info` WHERE `deleted_at` IS NULL ORDER BY `sort` DESC LIMIT 0,10
2023-07-10 22:14:22.521 [DEBU] {b8d1a32827877017cc909300383a905c} [  2 ms] [default] [rows:10 ] SELECT `id`,`pic_url`,`link`,`sort`,`created_at`,`updated_at`,`deleted_at` FROM `rotation_info` WHERE `deleted_at` IS NULL ORDER BY `sort` DESC LIMIT 0,10
2023-07-10 22:14:22.522 [DEBU] {b8d1a32827877017cc909300383a905c} [  1 ms] [default] [rows:1  ] SELECT COUNT(1) FROM `rotation_info` WHERE `deleted_at` IS NULL
2023-07-10 22:14:22.522 [DEBU] {b8d1a32827877017cc909300383a905c} [  0 ms] [default] [rows:10 ] SELECT `id`,`pic_url`,`link`,`sort`,`created_at`,`updated_at` FROM `rotation_info` WHERE `deleted_at` IS NULL ORDER BY `sort` DESC LIMIT 0,10
