2023-07-28 21:33:54.545 [ERRO] {2053a611640b761771fa20667d793147} [  1 ms] [default] [rows:0  ] SHOW FULL COLUMNS FROM `admin_info`
Error: dial tcp 127.0.0.1:3306: connect: connection refused
Stack:
1.  github.com/gogf/gf/v2/database/gdb.(*Core).writeSqlToLogger
    /Users/mac/go/pkg/mod/github.com/gogf/gf/v2@v2.2.1/database/gdb/gdb_core.go:674
2.  github.com/gogf/gf/v2/database/gdb.(*Core).DoCommit
    /Users/mac/go/pkg/mod/github.com/gogf/gf/v2@v2.2.1/database/gdb/gdb_core_underlying.go:277
3.  github.com/gogf/gf/v2/database/gdb.(*Core).DoQuery
    /Users/mac/go/pkg/mod/github.com/gogf/gf/v2@v2.2.1/database/gdb/gdb_core_underlying.go:74
4.  github.com/gogf/gf/v2/database/gdb.(*Core).DoSelect
    /Users/mac/go/pkg/mod/github.com/gogf/gf/v2@v2.2.1/database/gdb/gdb_core.go:155
5.  github.com/gogf/gf/contrib/drivers/mysql/v2.(*Driver).TableFields
    /Users/mac/go/pkg/mod/github.com/gogf/gf/contrib/drivers/mysql/v2@v2.2.1/mysql.go:149
6.  github.com/gogf/gf/v2/database/gdb.(*DriverWrapperDB).TableFields.func1
    /Users/mac/go/pkg/mod/github.com/gogf/gf/v2@v2.2.1/database/gdb/gdb_driver_wrapper_db.go:80
7.  github.com/gogf/gf/v2/container/gmap.(*StrAnyMap).doSetWithLockCheck
    /Users/mac/go/pkg/mod/github.com/gogf/gf/v2@v2.2.1/container/gmap/gmap_hash_str_any_map.go:217
8.  github.com/gogf/gf/v2/container/gmap.(*StrAnyMap).GetOrSetFuncLock
    /Users/mac/go/pkg/mod/github.com/gogf/gf/v2@v2.2.1/container/gmap/gmap_hash_str_any_map.go:254
9.  github.com/gogf/gf/v2/database/gdb.(*DriverWrapperDB).TableFields
    /Users/mac/go/pkg/mod/github.com/gogf/gf/v2@v2.2.1/database/gdb/gdb_driver_wrapper_db.go:78
10. github.com/gogf/gf/v2/database/gdb.(*Model).TableFields
    /Users/mac/go/pkg/mod/github.com/gogf/gf/v2@v2.2.1/database/gdb/gdb_model_utility.go:38
11. github.com/gogf/gf/v2/database/gdb.(*Model).mappingAndFilterToTableFields
    /Users/mac/go/pkg/mod/github.com/gogf/gf/v2@v2.2.1/database/gdb/gdb_model_utility.go:56
12. github.com/gogf/gf/v2/database/gdb.(*Model).getFieldsFrom
    /Users/mac/go/pkg/mod/github.com/gogf/gf/v2@v2.2.1/database/gdb/gdb_model_fields.go:212
13. github.com/gogf/gf/v2/database/gdb.(*Model).Fields
    /Users/mac/go/pkg/mod/github.com/gogf/gf/v2@v2.2.1/database/gdb/gdb_model_fields.go:30
14. github.com/gogf/gf/v2/database/gdb.(*Model).doStruct
    /Users/mac/go/pkg/mod/github.com/gogf/gf/v2@v2.2.1/database/gdb/gdb_model_select.go:235
15. github.com/gogf/gf/v2/database/gdb.(*Model).Scan
    /Users/mac/go/pkg/mod/github.com/gogf/gf/v2@v2.2.1/database/gdb/gdb_model_select.go:326
16. goframe-shop-test/internal/cmd.loginFunc
    /Users/mac/goframe-shop-test/internal/cmd/cmd.go:93
17. github.com/goflyfox/gtoken/gtoken.(*GfToken).Login
    /Users/mac/go/pkg/mod/github.com/goflyfox/gtoken@v1.5.7/gtoken/gtoken.go:70
18. github.com/gogf/gf/v2/net/ghttp.(*middleware).callHandlerFunc.func1
    /Users/mac/go/pkg/mod/github.com/gogf/gf/v2@v2.2.1/net/ghttp/ghttp_request_middleware.go:131
19. github.com/gogf/gf/v2/net/ghttp.niceCallFunc
    /Users/mac/go/pkg/mod/github.com/gogf/gf/v2@v2.2.1/net/ghttp/ghttp_func.go:55
20. github.com/gogf/gf/v2/net/ghttp.(*middleware).callHandlerFunc
    /Users/mac/go/pkg/mod/github.com/gogf/gf/v2@v2.2.1/net/ghttp/ghttp_request_middleware.go:129
21. github.com/gogf/gf/v2/net/ghttp.(*middleware).Next.func1.4
    /Users/mac/go/pkg/mod/github.com/gogf/gf/v2@v2.2.1/net/ghttp/ghttp_request_middleware.go:90
22. github.com/gogf/gf/v2/net/ghttp.niceCallFunc
    /Users/mac/go/pkg/mod/github.com/gogf/gf/v2@v2.2.1/net/ghttp/ghttp_func.go:55
23. github.com/gogf/gf/v2/net/ghttp.(*middleware).Next.func1
    /Users/mac/go/pkg/mod/github.com/gogf/gf/v2@v2.2.1/net/ghttp/ghttp_request_middleware.go:89
24. github.com/gogf/gf/v2/util/gutil.TryCatch
    /Users/mac/go/pkg/mod/github.com/gogf/gf/v2@v2.2.1/util/gutil/gutil.go:56
25. github.com/gogf/gf/v2/net/ghttp.(*middleware).Next
    /Users/mac/go/pkg/mod/github.com/gogf/gf/v2@v2.2.1/net/ghttp/ghttp_request_middleware.go:49
26. github.com/goflyfox/gtoken/gtoken.(*GfToken).authMiddleware
    /Users/mac/go/pkg/mod/github.com/goflyfox/gtoken@v1.5.7/gtoken/gtoken.go:113
27. github.com/gogf/gf/v2/net/ghttp.(*middleware).Next.func1.1
    /Users/mac/go/pkg/mod/github.com/gogf/gf/v2@v2.2.1/net/ghttp/ghttp_request_middleware.go:55
28. github.com/gogf/gf/v2/net/ghttp.niceCallFunc
    /Users/mac/go/pkg/mod/github.com/gogf/gf/v2@v2.2.1/net/ghttp/ghttp_func.go:55
29. github.com/gogf/gf/v2/net/ghttp.(*middleware).Next.func1
    /Users/mac/go/pkg/mod/github.com/gogf/gf/v2@v2.2.1/net/ghttp/ghttp_request_middleware.go:54
30. github.com/gogf/gf/v2/util/gutil.TryCatch
    /Users/mac/go/pkg/mod/github.com/gogf/gf/v2@v2.2.1/util/gutil/gutil.go:56
31. github.com/gogf/gf/v2/net/ghttp.(*middleware).Next
    /Users/mac/go/pkg/mod/github.com/gogf/gf/v2@v2.2.1/net/ghttp/ghttp_request_middleware.go:49
32. goframe-shop-test/internal/logic/middleware.(*sMiddleware).ResponseHandler
    /Users/mac/goframe-shop-test/internal/logic/middleware/middleware.go:29
33. github.com/gogf/gf/v2/net/ghttp.(*middleware).Next.func1.1
    /Users/mac/go/pkg/mod/github.com/gogf/gf/v2@v2.2.1/net/ghttp/ghttp_request_middleware.go:55
34. github.com/gogf/gf/v2/net/ghttp.niceCallFunc
    /Users/mac/go/pkg/mod/github.com/gogf/gf/v2@v2.2.1/net/ghttp/ghttp_func.go:55
35. github.com/gogf/gf/v2/net/ghttp.(*middleware).Next.func1
    /Users/mac/go/pkg/mod/github.com/gogf/gf/v2@v2.2.1/net/ghttp/ghttp_request_middleware.go:54
36. github.com/gogf/gf/v2/util/gutil.TryCatch
    /Users/mac/go/pkg/mod/github.com/gogf/gf/v2@v2.2.1/util/gutil/gutil.go:56
37. github.com/gogf/gf/v2/net/ghttp.(*middleware).Next
    /Users/mac/go/pkg/mod/github.com/gogf/gf/v2@v2.2.1/net/ghttp/ghttp_request_middleware.go:49
38. goframe-shop-test/internal/logic/middleware.(*sMiddleware).Ctx
    /Users/mac/goframe-shop-test/internal/logic/middleware/middleware.go:86
39. github.com/gogf/gf/v2/net/ghttp.(*middleware).Next.func1.1
    /Users/mac/go/pkg/mod/github.com/gogf/gf/v2@v2.2.1/net/ghttp/ghttp_request_middleware.go:55
40. github.com/gogf/gf/v2/net/ghttp.niceCallFunc
    /Users/mac/go/pkg/mod/github.com/gogf/gf/v2@v2.2.1/net/ghttp/ghttp_func.go:55
41. github.com/gogf/gf/v2/net/ghttp.(*middleware).Next.func1
    /Users/mac/go/pkg/mod/github.com/gogf/gf/v2@v2.2.1/net/ghttp/ghttp_request_middleware.go:54
42. github.com/gogf/gf/v2/util/gutil.TryCatch
    /Users/mac/go/pkg/mod/github.com/gogf/gf/v2@v2.2.1/util/gutil/gutil.go:56
43. github.com/gogf/gf/v2/net/ghttp.(*middleware).Next
    /Users/mac/go/pkg/mod/github.com/gogf/gf/v2@v2.2.1/net/ghttp/ghttp_request_middleware.go:49
44. goframe-shop-test/internal/logic/middleware.(*sMiddleware).CORS
    /Users/mac/goframe-shop-test/internal/logic/middleware/middleware.go:91
45. github.com/gogf/gf/v2/net/ghttp.(*middleware).Next.func1.1
    /Users/mac/go/pkg/mod/github.com/gogf/gf/v2@v2.2.1/net/ghttp/ghttp_request_middleware.go:55
46. github.com/gogf/gf/v2/net/ghttp.niceCallFunc
    /Users/mac/go/pkg/mod/github.com/gogf/gf/v2@v2.2.1/net/ghttp/ghttp_func.go:55
47. github.com/gogf/gf/v2/net/ghttp.(*middleware).Next.func1
    /Users/mac/go/pkg/mod/github.com/gogf/gf/v2@v2.2.1/net/ghttp/ghttp_request_middleware.go:54
48. github.com/gogf/gf/v2/util/gutil.TryCatch
    /Users/mac/go/pkg/mod/github.com/gogf/gf/v2@v2.2.1/util/gutil/gutil.go:56
49. github.com/gogf/gf/v2/net/ghttp.(*middleware).Next
    /Users/mac/go/pkg/mod/github.com/gogf/gf/v2@v2.2.1/net/ghttp/ghttp_request_middleware.go:49
50. github.com/gogf/gf/v2/net/ghttp.internalMiddlewareServerTracing
    /Users/mac/go/pkg/mod/github.com/gogf/gf/v2@v2.2.1/net/ghttp/ghttp_middleware_tracing.go:78
51. github.com/gogf/gf/v2/net/ghttp.(*middleware).Next.func1.5
    /Users/mac/go/pkg/mod/github.com/gogf/gf/v2@v2.2.1/net/ghttp/ghttp_request_middleware.go:96
52. github.com/gogf/gf/v2/net/ghttp.niceCallFunc
    /Users/mac/go/pkg/mod/github.com/gogf/gf/v2@v2.2.1/net/ghttp/ghttp_func.go:55
53. github.com/gogf/gf/v2/net/ghttp.(*middleware).Next.func1
    /Users/mac/go/pkg/mod/github.com/gogf/gf/v2@v2.2.1/net/ghttp/ghttp_request_middleware.go:95
54. github.com/gogf/gf/v2/util/gutil.TryCatch
    /Users/mac/go/pkg/mod/github.com/gogf/gf/v2@v2.2.1/util/gutil/gutil.go:56
55. github.com/gogf/gf/v2/net/ghttp.(*middleware).Next
    /Users/mac/go/pkg/mod/github.com/gogf/gf/v2@v2.2.1/net/ghttp/ghttp_request_middleware.go:49
56. github.com/gogf/gf/v2/net/ghttp.(*Server).ServeHTTP
    /Users/mac/go/pkg/mod/github.com/gogf/gf/v2@v2.2.1/net/ghttp/ghttp_server_handler.go:121

2023-07-28 21:33:54.569 [ERRO] {c84f1913640b761772fa2066832aaf6a} [  0 ms] [default] [rows:0  ] SHOW FULL COLUMNS FROM `admin_info`
Error: dial tcp 127.0.0.1:3306: connect: connection refused
Stack:
1.  github.com/gogf/gf/v2/database/gdb.(*Core).writeSqlToLogger
    /Users/mac/go/pkg/mod/github.com/gogf/gf/v2@v2.2.1/database/gdb/gdb_core.go:674
2.  github.com/gogf/gf/v2/database/gdb.(*Core).DoCommit
    /Users/mac/go/pkg/mod/github.com/gogf/gf/v2@v2.2.1/database/gdb/gdb_core_underlying.go:277
3.  github.com/gogf/gf/v2/database/gdb.(*Core).DoQuery
    /Users/mac/go/pkg/mod/github.com/gogf/gf/v2@v2.2.1/database/gdb/gdb_core_underlying.go:74
4.  github.com/gogf/gf/v2/database/gdb.(*Core).DoSelect
    /Users/mac/go/pkg/mod/github.com/gogf/gf/v2@v2.2.1/database/gdb/gdb_core.go:155
5.  github.com/gogf/gf/contrib/drivers/mysql/v2.(*Driver).TableFields
    /Users/mac/go/pkg/mod/github.com/gogf/gf/contrib/drivers/mysql/v2@v2.2.1/mysql.go:149
6.  github.com/gogf/gf/v2/database/gdb.(*DriverWrapperDB).TableFields.func1
    /Users/mac/go/pkg/mod/github.com/gogf/gf/v2@v2.2.1/database/gdb/gdb_driver_wrapper_db.go:80
7.  github.com/gogf/gf/v2/container/gmap.(*StrAnyMap).doSetWithLockCheck
    /Users/mac/go/pkg/mod/github.com/gogf/gf/v2@v2.2.1/container/gmap/gmap_hash_str_any_map.go:217
8.  github.com/gogf/gf/v2/container/gmap.(*StrAnyMap).GetOrSetFuncLock
    /Users/mac/go/pkg/mod/github.com/gogf/gf/v2@v2.2.1/container/gmap/gmap_hash_str_any_map.go:254
9.  github.com/gogf/gf/v2/database/gdb.(*DriverWrapperDB).TableFields
    /Users/mac/go/pkg/mod/github.com/gogf/gf/v2@v2.2.1/database/gdb/gdb_driver_wrapper_db.go:78
10. github.com/gogf/gf/v2/database/gdb.(*Model).TableFields
    /Users/mac/go/pkg/mod/github.com/gogf/gf/v2@v2.2.1/database/gdb/gdb_model_utility.go:38
11. github.com/gogf/gf/v2/database/gdb.(*Model).getSoftFieldName
    /Users/mac/go/pkg/mod/github.com/gogf/gf/v2@v2.2.1/database/gdb/gdb_model_time.go:98
12. github.com/gogf/gf/v2/database/gdb.(*Model).getSoftFieldNameDeleted
    /Users/mac/go/pkg/mod/github.com/gogf/gf/v2@v2.2.1/database/gdb/gdb_model_time.go:92
13. github.com/gogf/gf/v2/database/gdb.(*Model).getConditionForSoftDeleting
    /Users/mac/go/pkg/mod/github.com/gogf/gf/v2@v2.2.1/database/gdb/gdb_model_time.go:144
14. github.com/gogf/gf/v2/database/gdb.(*Model).formatCondition
    /Users/mac/go/pkg/mod/github.com/gogf/gf/v2@v2.2.1/database/gdb/gdb_model_select.go:619
15. github.com/gogf/gf/v2/database/gdb.(*Model).getFormattedSqlAndArgs
    /Users/mac/go/pkg/mod/github.com/gogf/gf/v2@v2.2.1/database/gdb/gdb_model_select.go:577
16. github.com/gogf/gf/v2/database/gdb.(*Model).doGetAll
    /Users/mac/go/pkg/mod/github.com/gogf/gf/v2@v2.2.1/database/gdb/gdb_model_select.go:45
17. github.com/gogf/gf/v2/database/gdb.(*Model).One
    /Users/mac/go/pkg/mod/github.com/gogf/gf/v2@v2.2.1/database/gdb/gdb_model_select.go:140
18. github.com/gogf/gf/v2/database/gdb.(*Model).doStruct
    /Users/mac/go/pkg/mod/github.com/gogf/gf/v2@v2.2.1/database/gdb/gdb_model_select.go:238
19. github.com/gogf/gf/v2/database/gdb.(*Model).Scan
    /Users/mac/go/pkg/mod/github.com/gogf/gf/v2@v2.2.1/database/gdb/gdb_model_select.go:326
20. goframe-shop-test/internal/cmd.loginFunc
    /Users/mac/goframe-shop-test/internal/cmd/cmd.go:93
21. github.com/goflyfox/gtoken/gtoken.(*GfToken).Login
    /Users/mac/go/pkg/mod/github.com/goflyfox/gtoken@v1.5.7/gtoken/gtoken.go:70
22. github.com/gogf/gf/v2/net/ghttp.(*middleware).callHandlerFunc.func1
    /Users/mac/go/pkg/mod/github.com/gogf/gf/v2@v2.2.1/net/ghttp/ghttp_request_middleware.go:131
23. github.com/gogf/gf/v2/net/ghttp.niceCallFunc
    /Users/mac/go/pkg/mod/github.com/gogf/gf/v2@v2.2.1/net/ghttp/ghttp_func.go:55
24. github.com/gogf/gf/v2/net/ghttp.(*middleware).callHandlerFunc
    /Users/mac/go/pkg/mod/github.com/gogf/gf/v2@v2.2.1/net/ghttp/ghttp_request_middleware.go:129
25. github.com/gogf/gf/v2/net/ghttp.(*middleware).Next.func1.4
    /Users/mac/go/pkg/mod/github.com/gogf/gf/v2@v2.2.1/net/ghttp/ghttp_request_middleware.go:90
26. github.com/gogf/gf/v2/net/ghttp.niceCallFunc
    /Users/mac/go/pkg/mod/github.com/gogf/gf/v2@v2.2.1/net/ghttp/ghttp_func.go:55
27. github.com/gogf/gf/v2/net/ghttp.(*middleware).Next.func1
    /Users/mac/go/pkg/mod/github.com/gogf/gf/v2@v2.2.1/net/ghttp/ghttp_request_middleware.go:89
28. github.com/gogf/gf/v2/util/gutil.TryCatch
    /Users/mac/go/pkg/mod/github.com/gogf/gf/v2@v2.2.1/util/gutil/gutil.go:56
29. github.com/gogf/gf/v2/net/ghttp.(*middleware).Next
    /Users/mac/go/pkg/mod/github.com/gogf/gf/v2@v2.2.1/net/ghttp/ghttp_request_middleware.go:49
30. github.com/goflyfox/gtoken/gtoken.(*GfToken).authMiddleware
    /Users/mac/go/pkg/mod/github.com/goflyfox/gtoken@v1.5.7/gtoken/gtoken.go:113
31. github.com/gogf/gf/v2/net/ghttp.(*middleware).Next.func1.1
    /Users/mac/go/pkg/mod/github.com/gogf/gf/v2@v2.2.1/net/ghttp/ghttp_request_middleware.go:55
32. github.com/gogf/gf/v2/net/ghttp.niceCallFunc
    /Users/mac/go/pkg/mod/github.com/gogf/gf/v2@v2.2.1/net/ghttp/ghttp_func.go:55
33. github.com/gogf/gf/v2/net/ghttp.(*middleware).Next.func1
    /Users/mac/go/pkg/mod/github.com/gogf/gf/v2@v2.2.1/net/ghttp/ghttp_request_middleware.go:54
34. github.com/gogf/gf/v2/util/gutil.TryCatch
    /Users/mac/go/pkg/mod/github.com/gogf/gf/v2@v2.2.1/util/gutil/gutil.go:56
35. github.com/gogf/gf/v2/net/ghttp.(*middleware).Next
    /Users/mac/go/pkg/mod/github.com/gogf/gf/v2@v2.2.1/net/ghttp/ghttp_request_middleware.go:49
36. goframe-shop-test/internal/logic/middleware.(*sMiddleware).ResponseHandler
    /Users/mac/goframe-shop-test/internal/logic/middleware/middleware.go:29
37. github.com/gogf/gf/v2/net/ghttp.(*middleware).Next.func1.1
    /Users/mac/go/pkg/mod/github.com/gogf/gf/v2@v2.2.1/net/ghttp/ghttp_request_middleware.go:55
38. github.com/gogf/gf/v2/net/ghttp.niceCallFunc
    /Users/mac/go/pkg/mod/github.com/gogf/gf/v2@v2.2.1/net/ghttp/ghttp_func.go:55
39. github.com/gogf/gf/v2/net/ghttp.(*middleware).Next.func1
    /Users/mac/go/pkg/mod/github.com/gogf/gf/v2@v2.2.1/net/ghttp/ghttp_request_middleware.go:54
40. github.com/gogf/gf/v2/util/gutil.TryCatch
    /Users/mac/go/pkg/mod/github.com/gogf/gf/v2@v2.2.1/util/gutil/gutil.go:56
41. github.com/gogf/gf/v2/net/ghttp.(*middleware).Next
    /Users/mac/go/pkg/mod/github.com/gogf/gf/v2@v2.2.1/net/ghttp/ghttp_request_middleware.go:49
42. goframe-shop-test/internal/logic/middleware.(*sMiddleware).Ctx
    /Users/mac/goframe-shop-test/internal/logic/middleware/middleware.go:86
43. github.com/gogf/gf/v2/net/ghttp.(*middleware).Next.func1.1
    /Users/mac/go/pkg/mod/github.com/gogf/gf/v2@v2.2.1/net/ghttp/ghttp_request_middleware.go:55
44. github.com/gogf/gf/v2/net/ghttp.niceCallFunc
    /Users/mac/go/pkg/mod/github.com/gogf/gf/v2@v2.2.1/net/ghttp/ghttp_func.go:55
45. github.com/gogf/gf/v2/net/ghttp.(*middleware).Next.func1
    /Users/mac/go/pkg/mod/github.com/gogf/gf/v2@v2.2.1/net/ghttp/ghttp_request_middleware.go:54
46. github.com/gogf/gf/v2/util/gutil.TryCatch
    /Users/mac/go/pkg/mod/github.com/gogf/gf/v2@v2.2.1/util/gutil/gutil.go:56
47. github.com/gogf/gf/v2/net/ghttp.(*middleware).Next
    /Users/mac/go/pkg/mod/github.com/gogf/gf/v2@v2.2.1/net/ghttp/ghttp_request_middleware.go:49
48. goframe-shop-test/internal/logic/middleware.(*sMiddleware).CORS
    /Users/mac/goframe-shop-test/internal/logic/middleware/middleware.go:91
49. github.com/gogf/gf/v2/net/ghttp.(*middleware).Next.func1.1
    /Users/mac/go/pkg/mod/github.com/gogf/gf/v2@v2.2.1/net/ghttp/ghttp_request_middleware.go:55
50. github.com/gogf/gf/v2/net/ghttp.niceCallFunc
    /Users/mac/go/pkg/mod/github.com/gogf/gf/v2@v2.2.1/net/ghttp/ghttp_func.go:55
51. github.com/gogf/gf/v2/net/ghttp.(*middleware).Next.func1
    /Users/mac/go/pkg/mod/github.com/gogf/gf/v2@v2.2.1/net/ghttp/ghttp_request_middleware.go:54
52. github.com/gogf/gf/v2/util/gutil.TryCatch
    /Users/mac/go/pkg/mod/github.com/gogf/gf/v2@v2.2.1/util/gutil/gutil.go:56
53. github.com/gogf/gf/v2/net/ghttp.(*middleware).Next
    /Users/mac/go/pkg/mod/github.com/gogf/gf/v2@v2.2.1/net/ghttp/ghttp_request_middleware.go:49
54. github.com/gogf/gf/v2/net/ghttp.internalMiddlewareServerTracing
    /Users/mac/go/pkg/mod/github.com/gogf/gf/v2@v2.2.1/net/ghttp/ghttp_middleware_tracing.go:78
55. github.com/gogf/gf/v2/net/ghttp.(*middleware).Next.func1.5
    /Users/mac/go/pkg/mod/github.com/gogf/gf/v2@v2.2.1/net/ghttp/ghttp_request_middleware.go:96
56. github.com/gogf/gf/v2/net/ghttp.niceCallFunc
    /Users/mac/go/pkg/mod/github.com/gogf/gf/v2@v2.2.1/net/ghttp/ghttp_func.go:55
57. github.com/gogf/gf/v2/net/ghttp.(*middleware).Next.func1
    /Users/mac/go/pkg/mod/github.com/gogf/gf/v2@v2.2.1/net/ghttp/ghttp_request_middleware.go:95
58. github.com/gogf/gf/v2/util/gutil.TryCatch
    /Users/mac/go/pkg/mod/github.com/gogf/gf/v2@v2.2.1/util/gutil/gutil.go:56
59. github.com/gogf/gf/v2/net/ghttp.(*middleware).Next
    /Users/mac/go/pkg/mod/github.com/gogf/gf/v2@v2.2.1/net/ghttp/ghttp_request_middleware.go:49
60. github.com/gogf/gf/v2/net/ghttp.(*Server).ServeHTTP
    /Users/mac/go/pkg/mod/github.com/gogf/gf/v2@v2.2.1/net/ghttp/ghttp_server_handler.go:121

2023-07-28 21:33:54.580 [ERRO] {4088b313640b761773fa2066a8edbe27} [  0 ms] [default] [rows:0  ] SELECT `Id`,`Name`,`Password`,`RoleIds`,`CreatedAt`,`UpdatedAt`,`DeletedAt`,`UserSalt`,`IsAdmin` FROM `admin_info` WHERE `name`='wangzhongyang' LIMIT 1
Error: dial tcp 127.0.0.1:3306: connect: connection refused
Stack:
1.  github.com/gogf/gf/v2/database/gdb.(*Core).writeSqlToLogger
    /Users/mac/go/pkg/mod/github.com/gogf/gf/v2@v2.2.1/database/gdb/gdb_core.go:674
2.  github.com/gogf/gf/v2/database/gdb.(*Core).DoCommit
    /Users/mac/go/pkg/mod/github.com/gogf/gf/v2@v2.2.1/database/gdb/gdb_core_underlying.go:277
3.  github.com/gogf/gf/v2/database/gdb.(*Core).DoQuery
    /Users/mac/go/pkg/mod/github.com/gogf/gf/v2@v2.2.1/database/gdb/gdb_core_underlying.go:74
4.  github.com/gogf/gf/v2/database/gdb.(*Core).DoSelect
    /Users/mac/go/pkg/mod/github.com/gogf/gf/v2@v2.2.1/database/gdb/gdb_core.go:155
5.  github.com/gogf/gf/v2/database/gdb.(*HookSelectInput).Next
    /Users/mac/go/pkg/mod/github.com/gogf/gf/v2@v2.2.1/database/gdb/gdb_model_hook.go:113
6.  github.com/gogf/gf/v2/database/gdb.(*Model).doGetAllBySql
    /Users/mac/go/pkg/mod/github.com/gogf/gf/v2@v2.2.1/database/gdb/gdb_model_select.go:547
7.  github.com/gogf/gf/v2/database/gdb.(*Model).doGetAll
    /Users/mac/go/pkg/mod/github.com/gogf/gf/v2@v2.2.1/database/gdb/gdb_model_select.go:46
8.  github.com/gogf/gf/v2/database/gdb.(*Model).One
    /Users/mac/go/pkg/mod/github.com/gogf/gf/v2@v2.2.1/database/gdb/gdb_model_select.go:140
9.  github.com/gogf/gf/v2/database/gdb.(*Model).doStruct
    /Users/mac/go/pkg/mod/github.com/gogf/gf/v2@v2.2.1/database/gdb/gdb_model_select.go:238
10. github.com/gogf/gf/v2/database/gdb.(*Model).Scan
    /Users/mac/go/pkg/mod/github.com/gogf/gf/v2@v2.2.1/database/gdb/gdb_model_select.go:326
11. goframe-shop-test/internal/cmd.loginFunc
    /Users/mac/goframe-shop-test/internal/cmd/cmd.go:93
12. github.com/goflyfox/gtoken/gtoken.(*GfToken).Login
    /Users/mac/go/pkg/mod/github.com/goflyfox/gtoken@v1.5.7/gtoken/gtoken.go:70
13. github.com/gogf/gf/v2/net/ghttp.(*middleware).callHandlerFunc.func1
    /Users/mac/go/pkg/mod/github.com/gogf/gf/v2@v2.2.1/net/ghttp/ghttp_request_middleware.go:131
14. github.com/gogf/gf/v2/net/ghttp.niceCallFunc
    /Users/mac/go/pkg/mod/github.com/gogf/gf/v2@v2.2.1/net/ghttp/ghttp_func.go:55
15. github.com/gogf/gf/v2/net/ghttp.(*middleware).callHandlerFunc
    /Users/mac/go/pkg/mod/github.com/gogf/gf/v2@v2.2.1/net/ghttp/ghttp_request_middleware.go:129
16. github.com/gogf/gf/v2/net/ghttp.(*middleware).Next.func1.4
    /Users/mac/go/pkg/mod/github.com/gogf/gf/v2@v2.2.1/net/ghttp/ghttp_request_middleware.go:90
17. github.com/gogf/gf/v2/net/ghttp.niceCallFunc
    /Users/mac/go/pkg/mod/github.com/gogf/gf/v2@v2.2.1/net/ghttp/ghttp_func.go:55
18. github.com/gogf/gf/v2/net/ghttp.(*middleware).Next.func1
    /Users/mac/go/pkg/mod/github.com/gogf/gf/v2@v2.2.1/net/ghttp/ghttp_request_middleware.go:89
19. github.com/gogf/gf/v2/util/gutil.TryCatch
    /Users/mac/go/pkg/mod/github.com/gogf/gf/v2@v2.2.1/util/gutil/gutil.go:56
20. github.com/gogf/gf/v2/net/ghttp.(*middleware).Next
    /Users/mac/go/pkg/mod/github.com/gogf/gf/v2@v2.2.1/net/ghttp/ghttp_request_middleware.go:49
21. github.com/goflyfox/gtoken/gtoken.(*GfToken).authMiddleware
    /Users/mac/go/pkg/mod/github.com/goflyfox/gtoken@v1.5.7/gtoken/gtoken.go:113
22. github.com/gogf/gf/v2/net/ghttp.(*middleware).Next.func1.1
    /Users/mac/go/pkg/mod/github.com/gogf/gf/v2@v2.2.1/net/ghttp/ghttp_request_middleware.go:55
23. github.com/gogf/gf/v2/net/ghttp.niceCallFunc
    /Users/mac/go/pkg/mod/github.com/gogf/gf/v2@v2.2.1/net/ghttp/ghttp_func.go:55
24. github.com/gogf/gf/v2/net/ghttp.(*middleware).Next.func1
    /Users/mac/go/pkg/mod/github.com/gogf/gf/v2@v2.2.1/net/ghttp/ghttp_request_middleware.go:54
25. github.com/gogf/gf/v2/util/gutil.TryCatch
    /Users/mac/go/pkg/mod/github.com/gogf/gf/v2@v2.2.1/util/gutil/gutil.go:56
26. github.com/gogf/gf/v2/net/ghttp.(*middleware).Next
    /Users/mac/go/pkg/mod/github.com/gogf/gf/v2@v2.2.1/net/ghttp/ghttp_request_middleware.go:49
27. goframe-shop-test/internal/logic/middleware.(*sMiddleware).ResponseHandler
    /Users/mac/goframe-shop-test/internal/logic/middleware/middleware.go:29
28. github.com/gogf/gf/v2/net/ghttp.(*middleware).Next.func1.1
    /Users/mac/go/pkg/mod/github.com/gogf/gf/v2@v2.2.1/net/ghttp/ghttp_request_middleware.go:55
29. github.com/gogf/gf/v2/net/ghttp.niceCallFunc
    /Users/mac/go/pkg/mod/github.com/gogf/gf/v2@v2.2.1/net/ghttp/ghttp_func.go:55
30. github.com/gogf/gf/v2/net/ghttp.(*middleware).Next.func1
    /Users/mac/go/pkg/mod/github.com/gogf/gf/v2@v2.2.1/net/ghttp/ghttp_request_middleware.go:54
31. github.com/gogf/gf/v2/util/gutil.TryCatch
    /Users/mac/go/pkg/mod/github.com/gogf/gf/v2@v2.2.1/util/gutil/gutil.go:56
32. github.com/gogf/gf/v2/net/ghttp.(*middleware).Next
    /Users/mac/go/pkg/mod/github.com/gogf/gf/v2@v2.2.1/net/ghttp/ghttp_request_middleware.go:49
33. goframe-shop-test/internal/logic/middleware.(*sMiddleware).Ctx
    /Users/mac/goframe-shop-test/internal/logic/middleware/middleware.go:86
34. github.com/gogf/gf/v2/net/ghttp.(*middleware).Next.func1.1
    /Users/mac/go/pkg/mod/github.com/gogf/gf/v2@v2.2.1/net/ghttp/ghttp_request_middleware.go:55
35. github.com/gogf/gf/v2/net/ghttp.niceCallFunc
    /Users/mac/go/pkg/mod/github.com/gogf/gf/v2@v2.2.1/net/ghttp/ghttp_func.go:55
36. github.com/gogf/gf/v2/net/ghttp.(*middleware).Next.func1
    /Users/mac/go/pkg/mod/github.com/gogf/gf/v2@v2.2.1/net/ghttp/ghttp_request_middleware.go:54
37. github.com/gogf/gf/v2/util/gutil.TryCatch
    /Users/mac/go/pkg/mod/github.com/gogf/gf/v2@v2.2.1/util/gutil/gutil.go:56
38. github.com/gogf/gf/v2/net/ghttp.(*middleware).Next
    /Users/mac/go/pkg/mod/github.com/gogf/gf/v2@v2.2.1/net/ghttp/ghttp_request_middleware.go:49
39. goframe-shop-test/internal/logic/middleware.(*sMiddleware).CORS
    /Users/mac/goframe-shop-test/internal/logic/middleware/middleware.go:91
40. github.com/gogf/gf/v2/net/ghttp.(*middleware).Next.func1.1
    /Users/mac/go/pkg/mod/github.com/gogf/gf/v2@v2.2.1/net/ghttp/ghttp_request_middleware.go:55
41. github.com/gogf/gf/v2/net/ghttp.niceCallFunc
    /Users/mac/go/pkg/mod/github.com/gogf/gf/v2@v2.2.1/net/ghttp/ghttp_func.go:55
42. github.com/gogf/gf/v2/net/ghttp.(*middleware).Next.func1
    /Users/mac/go/pkg/mod/github.com/gogf/gf/v2@v2.2.1/net/ghttp/ghttp_request_middleware.go:54
43. github.com/gogf/gf/v2/util/gutil.TryCatch
    /Users/mac/go/pkg/mod/github.com/gogf/gf/v2@v2.2.1/util/gutil/gutil.go:56
44. github.com/gogf/gf/v2/net/ghttp.(*middleware).Next
    /Users/mac/go/pkg/mod/github.com/gogf/gf/v2@v2.2.1/net/ghttp/ghttp_request_middleware.go:49
45. github.com/gogf/gf/v2/net/ghttp.internalMiddlewareServerTracing
    /Users/mac/go/pkg/mod/github.com/gogf/gf/v2@v2.2.1/net/ghttp/ghttp_middleware_tracing.go:78
46. github.com/gogf/gf/v2/net/ghttp.(*middleware).Next.func1.5
    /Users/mac/go/pkg/mod/github.com/gogf/gf/v2@v2.2.1/net/ghttp/ghttp_request_middleware.go:96
47. github.com/gogf/gf/v2/net/ghttp.niceCallFunc
    /Users/mac/go/pkg/mod/github.com/gogf/gf/v2@v2.2.1/net/ghttp/ghttp_func.go:55
48. github.com/gogf/gf/v2/net/ghttp.(*middleware).Next.func1
    /Users/mac/go/pkg/mod/github.com/gogf/gf/v2@v2.2.1/net/ghttp/ghttp_request_middleware.go:95
49. github.com/gogf/gf/v2/util/gutil.TryCatch
    /Users/mac/go/pkg/mod/github.com/gogf/gf/v2@v2.2.1/util/gutil/gutil.go:56
50. github.com/gogf/gf/v2/net/ghttp.(*middleware).Next
    /Users/mac/go/pkg/mod/github.com/gogf/gf/v2@v2.2.1/net/ghttp/ghttp_request_middleware.go:49
51. github.com/gogf/gf/v2/net/ghttp.(*Server).ServeHTTP
    /Users/mac/go/pkg/mod/github.com/gogf/gf/v2@v2.2.1/net/ghttp/ghttp_server_handler.go:121

2023-07-28 21:34:25.480 [ERRO] {a05b6f456b0b761775fa2066bfa2e78b} [  0 ms] [default] [rows:0  ] SHOW FULL COLUMNS FROM `admin_info`
Error: dial tcp 127.0.0.1:3306: connect: connection refused
Stack:
1.  github.com/gogf/gf/v2/database/gdb.(*Core).writeSqlToLogger
    /Users/mac/go/pkg/mod/github.com/gogf/gf/v2@v2.2.1/database/gdb/gdb_core.go:674
2.  github.com/gogf/gf/v2/database/gdb.(*Core).DoCommit
    /Users/mac/go/pkg/mod/github.com/gogf/gf/v2@v2.2.1/database/gdb/gdb_core_underlying.go:277
3.  github.com/gogf/gf/v2/database/gdb.(*Core).DoQuery
    /Users/mac/go/pkg/mod/github.com/gogf/gf/v2@v2.2.1/database/gdb/gdb_core_underlying.go:74
4.  github.com/gogf/gf/v2/database/gdb.(*Core).DoSelect
    /Users/mac/go/pkg/mod/github.com/gogf/gf/v2@v2.2.1/database/gdb/gdb_core.go:155
5.  github.com/gogf/gf/contrib/drivers/mysql/v2.(*Driver).TableFields
    /Users/mac/go/pkg/mod/github.com/gogf/gf/contrib/drivers/mysql/v2@v2.2.1/mysql.go:149
6.  github.com/gogf/gf/v2/database/gdb.(*DriverWrapperDB).TableFields.func1
    /Users/mac/go/pkg/mod/github.com/gogf/gf/v2@v2.2.1/database/gdb/gdb_driver_wrapper_db.go:80
7.  github.com/gogf/gf/v2/container/gmap.(*StrAnyMap).doSetWithLockCheck
    /Users/mac/go/pkg/mod/github.com/gogf/gf/v2@v2.2.1/container/gmap/gmap_hash_str_any_map.go:217
8.  github.com/gogf/gf/v2/container/gmap.(*StrAnyMap).GetOrSetFuncLock
    /Users/mac/go/pkg/mod/github.com/gogf/gf/v2@v2.2.1/container/gmap/gmap_hash_str_any_map.go:254
9.  github.com/gogf/gf/v2/database/gdb.(*DriverWrapperDB).TableFields
    /Users/mac/go/pkg/mod/github.com/gogf/gf/v2@v2.2.1/database/gdb/gdb_driver_wrapper_db.go:78
10. github.com/gogf/gf/v2/database/gdb.(*Model).TableFields
    /Users/mac/go/pkg/mod/github.com/gogf/gf/v2@v2.2.1/database/gdb/gdb_model_utility.go:38
11. github.com/gogf/gf/v2/database/gdb.(*Model).mappingAndFilterToTableFields
    /Users/mac/go/pkg/mod/github.com/gogf/gf/v2@v2.2.1/database/gdb/gdb_model_utility.go:56
12. github.com/gogf/gf/v2/database/gdb.(*Model).getFieldsFrom
    /Users/mac/go/pkg/mod/github.com/gogf/gf/v2@v2.2.1/database/gdb/gdb_model_fields.go:212
13. github.com/gogf/gf/v2/database/gdb.(*Model).Fields
    /Users/mac/go/pkg/mod/github.com/gogf/gf/v2@v2.2.1/database/gdb/gdb_model_fields.go:30
14. github.com/gogf/gf/v2/database/gdb.(*Model).doStruct
    /Users/mac/go/pkg/mod/github.com/gogf/gf/v2@v2.2.1/database/gdb/gdb_model_select.go:235
15. github.com/gogf/gf/v2/database/gdb.(*Model).Scan
    /Users/mac/go/pkg/mod/github.com/gogf/gf/v2@v2.2.1/database/gdb/gdb_model_select.go:326
16. goframe-shop-test/internal/cmd.loginFunc
    /Users/mac/goframe-shop-test/internal/cmd/cmd.go:93
17. github.com/goflyfox/gtoken/gtoken.(*GfToken).Login
    /Users/mac/go/pkg/mod/github.com/goflyfox/gtoken@v1.5.7/gtoken/gtoken.go:70
18. github.com/gogf/gf/v2/net/ghttp.(*middleware).callHandlerFunc.func1
    /Users/mac/go/pkg/mod/github.com/gogf/gf/v2@v2.2.1/net/ghttp/ghttp_request_middleware.go:131
19. github.com/gogf/gf/v2/net/ghttp.niceCallFunc
    /Users/mac/go/pkg/mod/github.com/gogf/gf/v2@v2.2.1/net/ghttp/ghttp_func.go:55
20. github.com/gogf/gf/v2/net/ghttp.(*middleware).callHandlerFunc
    /Users/mac/go/pkg/mod/github.com/gogf/gf/v2@v2.2.1/net/ghttp/ghttp_request_middleware.go:129
21. github.com/gogf/gf/v2/net/ghttp.(*middleware).Next.func1.4
    /Users/mac/go/pkg/mod/github.com/gogf/gf/v2@v2.2.1/net/ghttp/ghttp_request_middleware.go:90
22. github.com/gogf/gf/v2/net/ghttp.niceCallFunc
    /Users/mac/go/pkg/mod/github.com/gogf/gf/v2@v2.2.1/net/ghttp/ghttp_func.go:55
23. github.com/gogf/gf/v2/net/ghttp.(*middleware).Next.func1
    /Users/mac/go/pkg/mod/github.com/gogf/gf/v2@v2.2.1/net/ghttp/ghttp_request_middleware.go:89
24. github.com/gogf/gf/v2/util/gutil.TryCatch
    /Users/mac/go/pkg/mod/github.com/gogf/gf/v2@v2.2.1/util/gutil/gutil.go:56
25. github.com/gogf/gf/v2/net/ghttp.(*middleware).Next
    /Users/mac/go/pkg/mod/github.com/gogf/gf/v2@v2.2.1/net/ghttp/ghttp_request_middleware.go:49
26. github.com/goflyfox/gtoken/gtoken.(*GfToken).authMiddleware
    /Users/mac/go/pkg/mod/github.com/goflyfox/gtoken@v1.5.7/gtoken/gtoken.go:113
27. github.com/gogf/gf/v2/net/ghttp.(*middleware).Next.func1.1
    /Users/mac/go/pkg/mod/github.com/gogf/gf/v2@v2.2.1/net/ghttp/ghttp_request_middleware.go:55
28. github.com/gogf/gf/v2/net/ghttp.niceCallFunc
    /Users/mac/go/pkg/mod/github.com/gogf/gf/v2@v2.2.1/net/ghttp/ghttp_func.go:55
29. github.com/gogf/gf/v2/net/ghttp.(*middleware).Next.func1
    /Users/mac/go/pkg/mod/github.com/gogf/gf/v2@v2.2.1/net/ghttp/ghttp_request_middleware.go:54
30. github.com/gogf/gf/v2/util/gutil.TryCatch
    /Users/mac/go/pkg/mod/github.com/gogf/gf/v2@v2.2.1/util/gutil/gutil.go:56
31. github.com/gogf/gf/v2/net/ghttp.(*middleware).Next
    /Users/mac/go/pkg/mod/github.com/gogf/gf/v2@v2.2.1/net/ghttp/ghttp_request_middleware.go:49
32. goframe-shop-test/internal/logic/middleware.(*sMiddleware).ResponseHandler
    /Users/mac/goframe-shop-test/internal/logic/middleware/middleware.go:29
33. github.com/gogf/gf/v2/net/ghttp.(*middleware).Next.func1.1
    /Users/mac/go/pkg/mod/github.com/gogf/gf/v2@v2.2.1/net/ghttp/ghttp_request_middleware.go:55
34. github.com/gogf/gf/v2/net/ghttp.niceCallFunc
    /Users/mac/go/pkg/mod/github.com/gogf/gf/v2@v2.2.1/net/ghttp/ghttp_func.go:55
35. github.com/gogf/gf/v2/net/ghttp.(*middleware).Next.func1
    /Users/mac/go/pkg/mod/github.com/gogf/gf/v2@v2.2.1/net/ghttp/ghttp_request_middleware.go:54
36. github.com/gogf/gf/v2/util/gutil.TryCatch
    /Users/mac/go/pkg/mod/github.com/gogf/gf/v2@v2.2.1/util/gutil/gutil.go:56
37. github.com/gogf/gf/v2/net/ghttp.(*middleware).Next
    /Users/mac/go/pkg/mod/github.com/gogf/gf/v2@v2.2.1/net/ghttp/ghttp_request_middleware.go:49
38. goframe-shop-test/internal/logic/middleware.(*sMiddleware).Ctx
    /Users/mac/goframe-shop-test/internal/logic/middleware/middleware.go:86
39. github.com/gogf/gf/v2/net/ghttp.(*middleware).Next.func1.1
    /Users/mac/go/pkg/mod/github.com/gogf/gf/v2@v2.2.1/net/ghttp/ghttp_request_middleware.go:55
40. github.com/gogf/gf/v2/net/ghttp.niceCallFunc
    /Users/mac/go/pkg/mod/github.com/gogf/gf/v2@v2.2.1/net/ghttp/ghttp_func.go:55
41. github.com/gogf/gf/v2/net/ghttp.(*middleware).Next.func1
    /Users/mac/go/pkg/mod/github.com/gogf/gf/v2@v2.2.1/net/ghttp/ghttp_request_middleware.go:54
42. github.com/gogf/gf/v2/util/gutil.TryCatch
    /Users/mac/go/pkg/mod/github.com/gogf/gf/v2@v2.2.1/util/gutil/gutil.go:56
43. github.com/gogf/gf/v2/net/ghttp.(*middleware).Next
    /Users/mac/go/pkg/mod/github.com/gogf/gf/v2@v2.2.1/net/ghttp/ghttp_request_middleware.go:49
44. goframe-shop-test/internal/logic/middleware.(*sMiddleware).CORS
    /Users/mac/goframe-shop-test/internal/logic/middleware/middleware.go:91
45. github.com/gogf/gf/v2/net/ghttp.(*middleware).Next.func1.1
    /Users/mac/go/pkg/mod/github.com/gogf/gf/v2@v2.2.1/net/ghttp/ghttp_request_middleware.go:55
46. github.com/gogf/gf/v2/net/ghttp.niceCallFunc
    /Users/mac/go/pkg/mod/github.com/gogf/gf/v2@v2.2.1/net/ghttp/ghttp_func.go:55
47. github.com/gogf/gf/v2/net/ghttp.(*middleware).Next.func1
    /Users/mac/go/pkg/mod/github.com/gogf/gf/v2@v2.2.1/net/ghttp/ghttp_request_middleware.go:54
48. github.com/gogf/gf/v2/util/gutil.TryCatch
    /Users/mac/go/pkg/mod/github.com/gogf/gf/v2@v2.2.1/util/gutil/gutil.go:56
49. github.com/gogf/gf/v2/net/ghttp.(*middleware).Next
    /Users/mac/go/pkg/mod/github.com/gogf/gf/v2@v2.2.1/net/ghttp/ghttp_request_middleware.go:49
50. github.com/gogf/gf/v2/net/ghttp.internalMiddlewareServerTracing
    /Users/mac/go/pkg/mod/github.com/gogf/gf/v2@v2.2.1/net/ghttp/ghttp_middleware_tracing.go:78
51. github.com/gogf/gf/v2/net/ghttp.(*middleware).Next.func1.5
    /Users/mac/go/pkg/mod/github.com/gogf/gf/v2@v2.2.1/net/ghttp/ghttp_request_middleware.go:96
52. github.com/gogf/gf/v2/net/ghttp.niceCallFunc
    /Users/mac/go/pkg/mod/github.com/gogf/gf/v2@v2.2.1/net/ghttp/ghttp_func.go:55
53. github.com/gogf/gf/v2/net/ghttp.(*middleware).Next.func1
    /Users/mac/go/pkg/mod/github.com/gogf/gf/v2@v2.2.1/net/ghttp/ghttp_request_middleware.go:95
54. github.com/gogf/gf/v2/util/gutil.TryCatch
    /Users/mac/go/pkg/mod/github.com/gogf/gf/v2@v2.2.1/util/gutil/gutil.go:56
55. github.com/gogf/gf/v2/net/ghttp.(*middleware).Next
    /Users/mac/go/pkg/mod/github.com/gogf/gf/v2@v2.2.1/net/ghttp/ghttp_request_middleware.go:49
56. github.com/gogf/gf/v2/net/ghttp.(*Server).ServeHTTP
    /Users/mac/go/pkg/mod/github.com/gogf/gf/v2@v2.2.1/net/ghttp/ghttp_server_handler.go:121

2023-07-28 21:34:25.500 [ERRO] {5012a8466b0b761776fa20660c2512a2} [  0 ms] [default] [rows:0  ] SHOW FULL COLUMNS FROM `admin_info`
Error: dial tcp 127.0.0.1:3306: connect: connection refused
Stack:
1.  github.com/gogf/gf/v2/database/gdb.(*Core).writeSqlToLogger
    /Users/mac/go/pkg/mod/github.com/gogf/gf/v2@v2.2.1/database/gdb/gdb_core.go:674
2.  github.com/gogf/gf/v2/database/gdb.(*Core).DoCommit
    /Users/mac/go/pkg/mod/github.com/gogf/gf/v2@v2.2.1/database/gdb/gdb_core_underlying.go:277
3.  github.com/gogf/gf/v2/database/gdb.(*Core).DoQuery
    /Users/mac/go/pkg/mod/github.com/gogf/gf/v2@v2.2.1/database/gdb/gdb_core_underlying.go:74
4.  github.com/gogf/gf/v2/database/gdb.(*Core).DoSelect
    /Users/mac/go/pkg/mod/github.com/gogf/gf/v2@v2.2.1/database/gdb/gdb_core.go:155
5.  github.com/gogf/gf/contrib/drivers/mysql/v2.(*Driver).TableFields
    /Users/mac/go/pkg/mod/github.com/gogf/gf/contrib/drivers/mysql/v2@v2.2.1/mysql.go:149
6.  github.com/gogf/gf/v2/database/gdb.(*DriverWrapperDB).TableFields.func1
    /Users/mac/go/pkg/mod/github.com/gogf/gf/v2@v2.2.1/database/gdb/gdb_driver_wrapper_db.go:80
7.  github.com/gogf/gf/v2/container/gmap.(*StrAnyMap).doSetWithLockCheck
    /Users/mac/go/pkg/mod/github.com/gogf/gf/v2@v2.2.1/container/gmap/gmap_hash_str_any_map.go:217
8.  github.com/gogf/gf/v2/container/gmap.(*StrAnyMap).GetOrSetFuncLock
    /Users/mac/go/pkg/mod/github.com/gogf/gf/v2@v2.2.1/container/gmap/gmap_hash_str_any_map.go:254
9.  github.com/gogf/gf/v2/database/gdb.(*DriverWrapperDB).TableFields
    /Users/mac/go/pkg/mod/github.com/gogf/gf/v2@v2.2.1/database/gdb/gdb_driver_wrapper_db.go:78
10. github.com/gogf/gf/v2/database/gdb.(*Model).TableFields
    /Users/mac/go/pkg/mod/github.com/gogf/gf/v2@v2.2.1/database/gdb/gdb_model_utility.go:38
11. github.com/gogf/gf/v2/database/gdb.(*Model).getSoftFieldName
    /Users/mac/go/pkg/mod/github.com/gogf/gf/v2@v2.2.1/database/gdb/gdb_model_time.go:98
12. github.com/gogf/gf/v2/database/gdb.(*Model).getSoftFieldNameDeleted
    /Users/mac/go/pkg/mod/github.com/gogf/gf/v2@v2.2.1/database/gdb/gdb_model_time.go:92
13. github.com/gogf/gf/v2/database/gdb.(*Model).getConditionForSoftDeleting
    /Users/mac/go/pkg/mod/github.com/gogf/gf/v2@v2.2.1/database/gdb/gdb_model_time.go:144
14. github.com/gogf/gf/v2/database/gdb.(*Model).formatCondition
    /Users/mac/go/pkg/mod/github.com/gogf/gf/v2@v2.2.1/database/gdb/gdb_model_select.go:619
15. github.com/gogf/gf/v2/database/gdb.(*Model).getFormattedSqlAndArgs
    /Users/mac/go/pkg/mod/github.com/gogf/gf/v2@v2.2.1/database/gdb/gdb_model_select.go:577
16. github.com/gogf/gf/v2/database/gdb.(*Model).doGetAll
    /Users/mac/go/pkg/mod/github.com/gogf/gf/v2@v2.2.1/database/gdb/gdb_model_select.go:45
17. github.com/gogf/gf/v2/database/gdb.(*Model).One
    /Users/mac/go/pkg/mod/github.com/gogf/gf/v2@v2.2.1/database/gdb/gdb_model_select.go:140
18. github.com/gogf/gf/v2/database/gdb.(*Model).doStruct
    /Users/mac/go/pkg/mod/github.com/gogf/gf/v2@v2.2.1/database/gdb/gdb_model_select.go:238
19. github.com/gogf/gf/v2/database/gdb.(*Model).Scan
    /Users/mac/go/pkg/mod/github.com/gogf/gf/v2@v2.2.1/database/gdb/gdb_model_select.go:326
20. goframe-shop-test/internal/cmd.loginFunc
    /Users/mac/goframe-shop-test/internal/cmd/cmd.go:93
21. github.com/goflyfox/gtoken/gtoken.(*GfToken).Login
    /Users/mac/go/pkg/mod/github.com/goflyfox/gtoken@v1.5.7/gtoken/gtoken.go:70
22. github.com/gogf/gf/v2/net/ghttp.(*middleware).callHandlerFunc.func1
    /Users/mac/go/pkg/mod/github.com/gogf/gf/v2@v2.2.1/net/ghttp/ghttp_request_middleware.go:131
23. github.com/gogf/gf/v2/net/ghttp.niceCallFunc
    /Users/mac/go/pkg/mod/github.com/gogf/gf/v2@v2.2.1/net/ghttp/ghttp_func.go:55
24. github.com/gogf/gf/v2/net/ghttp.(*middleware).callHandlerFunc
    /Users/mac/go/pkg/mod/github.com/gogf/gf/v2@v2.2.1/net/ghttp/ghttp_request_middleware.go:129
25. github.com/gogf/gf/v2/net/ghttp.(*middleware).Next.func1.4
    /Users/mac/go/pkg/mod/github.com/gogf/gf/v2@v2.2.1/net/ghttp/ghttp_request_middleware.go:90
26. github.com/gogf/gf/v2/net/ghttp.niceCallFunc
    /Users/mac/go/pkg/mod/github.com/gogf/gf/v2@v2.2.1/net/ghttp/ghttp_func.go:55
27. github.com/gogf/gf/v2/net/ghttp.(*middleware).Next.func1
    /Users/mac/go/pkg/mod/github.com/gogf/gf/v2@v2.2.1/net/ghttp/ghttp_request_middleware.go:89
28. github.com/gogf/gf/v2/util/gutil.TryCatch
    /Users/mac/go/pkg/mod/github.com/gogf/gf/v2@v2.2.1/util/gutil/gutil.go:56
29. github.com/gogf/gf/v2/net/ghttp.(*middleware).Next
    /Users/mac/go/pkg/mod/github.com/gogf/gf/v2@v2.2.1/net/ghttp/ghttp_request_middleware.go:49
30. github.com/goflyfox/gtoken/gtoken.(*GfToken).authMiddleware
    /Users/mac/go/pkg/mod/github.com/goflyfox/gtoken@v1.5.7/gtoken/gtoken.go:113
31. github.com/gogf/gf/v2/net/ghttp.(*middleware).Next.func1.1
    /Users/mac/go/pkg/mod/github.com/gogf/gf/v2@v2.2.1/net/ghttp/ghttp_request_middleware.go:55
32. github.com/gogf/gf/v2/net/ghttp.niceCallFunc
    /Users/mac/go/pkg/mod/github.com/gogf/gf/v2@v2.2.1/net/ghttp/ghttp_func.go:55
33. github.com/gogf/gf/v2/net/ghttp.(*middleware).Next.func1
    /Users/mac/go/pkg/mod/github.com/gogf/gf/v2@v2.2.1/net/ghttp/ghttp_request_middleware.go:54
34. github.com/gogf/gf/v2/util/gutil.TryCatch
    /Users/mac/go/pkg/mod/github.com/gogf/gf/v2@v2.2.1/util/gutil/gutil.go:56
35. github.com/gogf/gf/v2/net/ghttp.(*middleware).Next
    /Users/mac/go/pkg/mod/github.com/gogf/gf/v2@v2.2.1/net/ghttp/ghttp_request_middleware.go:49
36. goframe-shop-test/internal/logic/middleware.(*sMiddleware).ResponseHandler
    /Users/mac/goframe-shop-test/internal/logic/middleware/middleware.go:29
37. github.com/gogf/gf/v2/net/ghttp.(*middleware).Next.func1.1
    /Users/mac/go/pkg/mod/github.com/gogf/gf/v2@v2.2.1/net/ghttp/ghttp_request_middleware.go:55
38. github.com/gogf/gf/v2/net/ghttp.niceCallFunc
    /Users/mac/go/pkg/mod/github.com/gogf/gf/v2@v2.2.1/net/ghttp/ghttp_func.go:55
39. github.com/gogf/gf/v2/net/ghttp.(*middleware).Next.func1
    /Users/mac/go/pkg/mod/github.com/gogf/gf/v2@v2.2.1/net/ghttp/ghttp_request_middleware.go:54
40. github.com/gogf/gf/v2/util/gutil.TryCatch
    /Users/mac/go/pkg/mod/github.com/gogf/gf/v2@v2.2.1/util/gutil/gutil.go:56
41. github.com/gogf/gf/v2/net/ghttp.(*middleware).Next
    /Users/mac/go/pkg/mod/github.com/gogf/gf/v2@v2.2.1/net/ghttp/ghttp_request_middleware.go:49
42. goframe-shop-test/internal/logic/middleware.(*sMiddleware).Ctx
    /Users/mac/goframe-shop-test/internal/logic/middleware/middleware.go:86
43. github.com/gogf/gf/v2/net/ghttp.(*middleware).Next.func1.1
    /Users/mac/go/pkg/mod/github.com/gogf/gf/v2@v2.2.1/net/ghttp/ghttp_request_middleware.go:55
44. github.com/gogf/gf/v2/net/ghttp.niceCallFunc
    /Users/mac/go/pkg/mod/github.com/gogf/gf/v2@v2.2.1/net/ghttp/ghttp_func.go:55
45. github.com/gogf/gf/v2/net/ghttp.(*middleware).Next.func1
    /Users/mac/go/pkg/mod/github.com/gogf/gf/v2@v2.2.1/net/ghttp/ghttp_request_middleware.go:54
46. github.com/gogf/gf/v2/util/gutil.TryCatch
    /Users/mac/go/pkg/mod/github.com/gogf/gf/v2@v2.2.1/util/gutil/gutil.go:56
47. github.com/gogf/gf/v2/net/ghttp.(*middleware).Next
    /Users/mac/go/pkg/mod/github.com/gogf/gf/v2@v2.2.1/net/ghttp/ghttp_request_middleware.go:49
48. goframe-shop-test/internal/logic/middleware.(*sMiddleware).CORS
    /Users/mac/goframe-shop-test/internal/logic/middleware/middleware.go:91
49. github.com/gogf/gf/v2/net/ghttp.(*middleware).Next.func1.1
    /Users/mac/go/pkg/mod/github.com/gogf/gf/v2@v2.2.1/net/ghttp/ghttp_request_middleware.go:55
50. github.com/gogf/gf/v2/net/ghttp.niceCallFunc
    /Users/mac/go/pkg/mod/github.com/gogf/gf/v2@v2.2.1/net/ghttp/ghttp_func.go:55
51. github.com/gogf/gf/v2/net/ghttp.(*middleware).Next.func1
    /Users/mac/go/pkg/mod/github.com/gogf/gf/v2@v2.2.1/net/ghttp/ghttp_request_middleware.go:54
52. github.com/gogf/gf/v2/util/gutil.TryCatch
    /Users/mac/go/pkg/mod/github.com/gogf/gf/v2@v2.2.1/util/gutil/gutil.go:56
53. github.com/gogf/gf/v2/net/ghttp.(*middleware).Next
    /Users/mac/go/pkg/mod/github.com/gogf/gf/v2@v2.2.1/net/ghttp/ghttp_request_middleware.go:49
54. github.com/gogf/gf/v2/net/ghttp.internalMiddlewareServerTracing
    /Users/mac/go/pkg/mod/github.com/gogf/gf/v2@v2.2.1/net/ghttp/ghttp_middleware_tracing.go:78
55. github.com/gogf/gf/v2/net/ghttp.(*middleware).Next.func1.5
    /Users/mac/go/pkg/mod/github.com/gogf/gf/v2@v2.2.1/net/ghttp/ghttp_request_middleware.go:96
56. github.com/gogf/gf/v2/net/ghttp.niceCallFunc
    /Users/mac/go/pkg/mod/github.com/gogf/gf/v2@v2.2.1/net/ghttp/ghttp_func.go:55
57. github.com/gogf/gf/v2/net/ghttp.(*middleware).Next.func1
    /Users/mac/go/pkg/mod/github.com/gogf/gf/v2@v2.2.1/net/ghttp/ghttp_request_middleware.go:95
58. github.com/gogf/gf/v2/util/gutil.TryCatch
    /Users/mac/go/pkg/mod/github.com/gogf/gf/v2@v2.2.1/util/gutil/gutil.go:56
59. github.com/gogf/gf/v2/net/ghttp.(*middleware).Next
    /Users/mac/go/pkg/mod/github.com/gogf/gf/v2@v2.2.1/net/ghttp/ghttp_request_middleware.go:49
60. github.com/gogf/gf/v2/net/ghttp.(*Server).ServeHTTP
    /Users/mac/go/pkg/mod/github.com/gogf/gf/v2@v2.2.1/net/ghttp/ghttp_server_handler.go:121

2023-07-28 21:34:25.514 [ERRO] {48d389476b0b761777fa20663518c3b2} [  0 ms] [default] [rows:0  ] SELECT `Id`,`Name`,`Password`,`RoleIds`,`CreatedAt`,`UpdatedAt`,`DeletedAt`,`UserSalt`,`IsAdmin` FROM `admin_info` WHERE `name`='wangzhongyang' LIMIT 1
Error: dial tcp 127.0.0.1:3306: connect: connection refused
Stack:
1.  github.com/gogf/gf/v2/database/gdb.(*Core).writeSqlToLogger
    /Users/mac/go/pkg/mod/github.com/gogf/gf/v2@v2.2.1/database/gdb/gdb_core.go:674
2.  github.com/gogf/gf/v2/database/gdb.(*Core).DoCommit
    /Users/mac/go/pkg/mod/github.com/gogf/gf/v2@v2.2.1/database/gdb/gdb_core_underlying.go:277
3.  github.com/gogf/gf/v2/database/gdb.(*Core).DoQuery
    /Users/mac/go/pkg/mod/github.com/gogf/gf/v2@v2.2.1/database/gdb/gdb_core_underlying.go:74
4.  github.com/gogf/gf/v2/database/gdb.(*Core).DoSelect
    /Users/mac/go/pkg/mod/github.com/gogf/gf/v2@v2.2.1/database/gdb/gdb_core.go:155
5.  github.com/gogf/gf/v2/database/gdb.(*HookSelectInput).Next
    /Users/mac/go/pkg/mod/github.com/gogf/gf/v2@v2.2.1/database/gdb/gdb_model_hook.go:113
6.  github.com/gogf/gf/v2/database/gdb.(*Model).doGetAllBySql
    /Users/mac/go/pkg/mod/github.com/gogf/gf/v2@v2.2.1/database/gdb/gdb_model_select.go:547
7.  github.com/gogf/gf/v2/database/gdb.(*Model).doGetAll
    /Users/mac/go/pkg/mod/github.com/gogf/gf/v2@v2.2.1/database/gdb/gdb_model_select.go:46
8.  github.com/gogf/gf/v2/database/gdb.(*Model).One
    /Users/mac/go/pkg/mod/github.com/gogf/gf/v2@v2.2.1/database/gdb/gdb_model_select.go:140
9.  github.com/gogf/gf/v2/database/gdb.(*Model).doStruct
    /Users/mac/go/pkg/mod/github.com/gogf/gf/v2@v2.2.1/database/gdb/gdb_model_select.go:238
10. github.com/gogf/gf/v2/database/gdb.(*Model).Scan
    /Users/mac/go/pkg/mod/github.com/gogf/gf/v2@v2.2.1/database/gdb/gdb_model_select.go:326
11. goframe-shop-test/internal/cmd.loginFunc
    /Users/mac/goframe-shop-test/internal/cmd/cmd.go:93
12. github.com/goflyfox/gtoken/gtoken.(*GfToken).Login
    /Users/mac/go/pkg/mod/github.com/goflyfox/gtoken@v1.5.7/gtoken/gtoken.go:70
13. github.com/gogf/gf/v2/net/ghttp.(*middleware).callHandlerFunc.func1
    /Users/mac/go/pkg/mod/github.com/gogf/gf/v2@v2.2.1/net/ghttp/ghttp_request_middleware.go:131
14. github.com/gogf/gf/v2/net/ghttp.niceCallFunc
    /Users/mac/go/pkg/mod/github.com/gogf/gf/v2@v2.2.1/net/ghttp/ghttp_func.go:55
15. github.com/gogf/gf/v2/net/ghttp.(*middleware).callHandlerFunc
    /Users/mac/go/pkg/mod/github.com/gogf/gf/v2@v2.2.1/net/ghttp/ghttp_request_middleware.go:129
16. github.com/gogf/gf/v2/net/ghttp.(*middleware).Next.func1.4
    /Users/mac/go/pkg/mod/github.com/gogf/gf/v2@v2.2.1/net/ghttp/ghttp_request_middleware.go:90
17. github.com/gogf/gf/v2/net/ghttp.niceCallFunc
    /Users/mac/go/pkg/mod/github.com/gogf/gf/v2@v2.2.1/net/ghttp/ghttp_func.go:55
18. github.com/gogf/gf/v2/net/ghttp.(*middleware).Next.func1
    /Users/mac/go/pkg/mod/github.com/gogf/gf/v2@v2.2.1/net/ghttp/ghttp_request_middleware.go:89
19. github.com/gogf/gf/v2/util/gutil.TryCatch
    /Users/mac/go/pkg/mod/github.com/gogf/gf/v2@v2.2.1/util/gutil/gutil.go:56
20. github.com/gogf/gf/v2/net/ghttp.(*middleware).Next
    /Users/mac/go/pkg/mod/github.com/gogf/gf/v2@v2.2.1/net/ghttp/ghttp_request_middleware.go:49
21. github.com/goflyfox/gtoken/gtoken.(*GfToken).authMiddleware
    /Users/mac/go/pkg/mod/github.com/goflyfox/gtoken@v1.5.7/gtoken/gtoken.go:113
22. github.com/gogf/gf/v2/net/ghttp.(*middleware).Next.func1.1
    /Users/mac/go/pkg/mod/github.com/gogf/gf/v2@v2.2.1/net/ghttp/ghttp_request_middleware.go:55
23. github.com/gogf/gf/v2/net/ghttp.niceCallFunc
    /Users/mac/go/pkg/mod/github.com/gogf/gf/v2@v2.2.1/net/ghttp/ghttp_func.go:55
24. github.com/gogf/gf/v2/net/ghttp.(*middleware).Next.func1
    /Users/mac/go/pkg/mod/github.com/gogf/gf/v2@v2.2.1/net/ghttp/ghttp_request_middleware.go:54
25. github.com/gogf/gf/v2/util/gutil.TryCatch
    /Users/mac/go/pkg/mod/github.com/gogf/gf/v2@v2.2.1/util/gutil/gutil.go:56
26. github.com/gogf/gf/v2/net/ghttp.(*middleware).Next
    /Users/mac/go/pkg/mod/github.com/gogf/gf/v2@v2.2.1/net/ghttp/ghttp_request_middleware.go:49
27. goframe-shop-test/internal/logic/middleware.(*sMiddleware).ResponseHandler
    /Users/mac/goframe-shop-test/internal/logic/middleware/middleware.go:29
28. github.com/gogf/gf/v2/net/ghttp.(*middleware).Next.func1.1
    /Users/mac/go/pkg/mod/github.com/gogf/gf/v2@v2.2.1/net/ghttp/ghttp_request_middleware.go:55
29. github.com/gogf/gf/v2/net/ghttp.niceCallFunc
    /Users/mac/go/pkg/mod/github.com/gogf/gf/v2@v2.2.1/net/ghttp/ghttp_func.go:55
30. github.com/gogf/gf/v2/net/ghttp.(*middleware).Next.func1
    /Users/mac/go/pkg/mod/github.com/gogf/gf/v2@v2.2.1/net/ghttp/ghttp_request_middleware.go:54
31. github.com/gogf/gf/v2/util/gutil.TryCatch
    /Users/mac/go/pkg/mod/github.com/gogf/gf/v2@v2.2.1/util/gutil/gutil.go:56
32. github.com/gogf/gf/v2/net/ghttp.(*middleware).Next
    /Users/mac/go/pkg/mod/github.com/gogf/gf/v2@v2.2.1/net/ghttp/ghttp_request_middleware.go:49
33. goframe-shop-test/internal/logic/middleware.(*sMiddleware).Ctx
    /Users/mac/goframe-shop-test/internal/logic/middleware/middleware.go:86
34. github.com/gogf/gf/v2/net/ghttp.(*middleware).Next.func1.1
    /Users/mac/go/pkg/mod/github.com/gogf/gf/v2@v2.2.1/net/ghttp/ghttp_request_middleware.go:55
35. github.com/gogf/gf/v2/net/ghttp.niceCallFunc
    /Users/mac/go/pkg/mod/github.com/gogf/gf/v2@v2.2.1/net/ghttp/ghttp_func.go:55
36. github.com/gogf/gf/v2/net/ghttp.(*middleware).Next.func1
    /Users/mac/go/pkg/mod/github.com/gogf/gf/v2@v2.2.1/net/ghttp/ghttp_request_middleware.go:54
37. github.com/gogf/gf/v2/util/gutil.TryCatch
    /Users/mac/go/pkg/mod/github.com/gogf/gf/v2@v2.2.1/util/gutil/gutil.go:56
38. github.com/gogf/gf/v2/net/ghttp.(*middleware).Next
    /Users/mac/go/pkg/mod/github.com/gogf/gf/v2@v2.2.1/net/ghttp/ghttp_request_middleware.go:49
39. goframe-shop-test/internal/logic/middleware.(*sMiddleware).CORS
    /Users/mac/goframe-shop-test/internal/logic/middleware/middleware.go:91
40. github.com/gogf/gf/v2/net/ghttp.(*middleware).Next.func1.1
    /Users/mac/go/pkg/mod/github.com/gogf/gf/v2@v2.2.1/net/ghttp/ghttp_request_middleware.go:55
41. github.com/gogf/gf/v2/net/ghttp.niceCallFunc
    /Users/mac/go/pkg/mod/github.com/gogf/gf/v2@v2.2.1/net/ghttp/ghttp_func.go:55
42. github.com/gogf/gf/v2/net/ghttp.(*middleware).Next.func1
    /Users/mac/go/pkg/mod/github.com/gogf/gf/v2@v2.2.1/net/ghttp/ghttp_request_middleware.go:54
43. github.com/gogf/gf/v2/util/gutil.TryCatch
    /Users/mac/go/pkg/mod/github.com/gogf/gf/v2@v2.2.1/util/gutil/gutil.go:56
44. github.com/gogf/gf/v2/net/ghttp.(*middleware).Next
    /Users/mac/go/pkg/mod/github.com/gogf/gf/v2@v2.2.1/net/ghttp/ghttp_request_middleware.go:49
45. github.com/gogf/gf/v2/net/ghttp.internalMiddlewareServerTracing
    /Users/mac/go/pkg/mod/github.com/gogf/gf/v2@v2.2.1/net/ghttp/ghttp_middleware_tracing.go:78
46. github.com/gogf/gf/v2/net/ghttp.(*middleware).Next.func1.5
    /Users/mac/go/pkg/mod/github.com/gogf/gf/v2@v2.2.1/net/ghttp/ghttp_request_middleware.go:96
47. github.com/gogf/gf/v2/net/ghttp.niceCallFunc
    /Users/mac/go/pkg/mod/github.com/gogf/gf/v2@v2.2.1/net/ghttp/ghttp_func.go:55
48. github.com/gogf/gf/v2/net/ghttp.(*middleware).Next.func1
    /Users/mac/go/pkg/mod/github.com/gogf/gf/v2@v2.2.1/net/ghttp/ghttp_request_middleware.go:95
49. github.com/gogf/gf/v2/util/gutil.TryCatch
    /Users/mac/go/pkg/mod/github.com/gogf/gf/v2@v2.2.1/util/gutil/gutil.go:56
50. github.com/gogf/gf/v2/net/ghttp.(*middleware).Next
    /Users/mac/go/pkg/mod/github.com/gogf/gf/v2@v2.2.1/net/ghttp/ghttp_request_middleware.go:49
51. github.com/gogf/gf/v2/net/ghttp.(*Server).ServeHTTP
    /Users/mac/go/pkg/mod/github.com/gogf/gf/v2@v2.2.1/net/ghttp/ghttp_server_handler.go:121

2023-07-28 21:34:30.183 [ERRO] {d8b6c75d6c0b761779fa206619bccc37} [  1 ms] [default] [rows:0  ] SHOW FULL COLUMNS FROM `admin_info`
Error: dial tcp 127.0.0.1:3306: connect: connection refused
Stack:
1.  github.com/gogf/gf/v2/database/gdb.(*Core).writeSqlToLogger
    /Users/mac/go/pkg/mod/github.com/gogf/gf/v2@v2.2.1/database/gdb/gdb_core.go:674
2.  github.com/gogf/gf/v2/database/gdb.(*Core).DoCommit
    /Users/mac/go/pkg/mod/github.com/gogf/gf/v2@v2.2.1/database/gdb/gdb_core_underlying.go:277
3.  github.com/gogf/gf/v2/database/gdb.(*Core).DoQuery
    /Users/mac/go/pkg/mod/github.com/gogf/gf/v2@v2.2.1/database/gdb/gdb_core_underlying.go:74
4.  github.com/gogf/gf/v2/database/gdb.(*Core).DoSelect
    /Users/mac/go/pkg/mod/github.com/gogf/gf/v2@v2.2.1/database/gdb/gdb_core.go:155
5.  github.com/gogf/gf/contrib/drivers/mysql/v2.(*Driver).TableFields
    /Users/mac/go/pkg/mod/github.com/gogf/gf/contrib/drivers/mysql/v2@v2.2.1/mysql.go:149
6.  github.com/gogf/gf/v2/database/gdb.(*DriverWrapperDB).TableFields.func1
    /Users/mac/go/pkg/mod/github.com/gogf/gf/v2@v2.2.1/database/gdb/gdb_driver_wrapper_db.go:80
7.  github.com/gogf/gf/v2/container/gmap.(*StrAnyMap).doSetWithLockCheck
    /Users/mac/go/pkg/mod/github.com/gogf/gf/v2@v2.2.1/container/gmap/gmap_hash_str_any_map.go:217
8.  github.com/gogf/gf/v2/container/gmap.(*StrAnyMap).GetOrSetFuncLock
    /Users/mac/go/pkg/mod/github.com/gogf/gf/v2@v2.2.1/container/gmap/gmap_hash_str_any_map.go:254
9.  github.com/gogf/gf/v2/database/gdb.(*DriverWrapperDB).TableFields
    /Users/mac/go/pkg/mod/github.com/gogf/gf/v2@v2.2.1/database/gdb/gdb_driver_wrapper_db.go:78
10. github.com/gogf/gf/v2/database/gdb.(*Model).TableFields
    /Users/mac/go/pkg/mod/github.com/gogf/gf/v2@v2.2.1/database/gdb/gdb_model_utility.go:38
11. github.com/gogf/gf/v2/database/gdb.(*Model).mappingAndFilterToTableFields
    /Users/mac/go/pkg/mod/github.com/gogf/gf/v2@v2.2.1/database/gdb/gdb_model_utility.go:56
12. github.com/gogf/gf/v2/database/gdb.(*Model).getFieldsFrom
    /Users/mac/go/pkg/mod/github.com/gogf/gf/v2@v2.2.1/database/gdb/gdb_model_fields.go:212
13. github.com/gogf/gf/v2/database/gdb.(*Model).Fields
    /Users/mac/go/pkg/mod/github.com/gogf/gf/v2@v2.2.1/database/gdb/gdb_model_fields.go:30
14. github.com/gogf/gf/v2/database/gdb.(*Model).doStruct
    /Users/mac/go/pkg/mod/github.com/gogf/gf/v2@v2.2.1/database/gdb/gdb_model_select.go:235
15. github.com/gogf/gf/v2/database/gdb.(*Model).Scan
    /Users/mac/go/pkg/mod/github.com/gogf/gf/v2@v2.2.1/database/gdb/gdb_model_select.go:326
16. goframe-shop-test/internal/cmd.loginFunc
    /Users/mac/goframe-shop-test/internal/cmd/cmd.go:93
17. github.com/goflyfox/gtoken/gtoken.(*GfToken).Login
    /Users/mac/go/pkg/mod/github.com/goflyfox/gtoken@v1.5.7/gtoken/gtoken.go:70
18. github.com/gogf/gf/v2/net/ghttp.(*middleware).callHandlerFunc.func1
    /Users/mac/go/pkg/mod/github.com/gogf/gf/v2@v2.2.1/net/ghttp/ghttp_request_middleware.go:131
19. github.com/gogf/gf/v2/net/ghttp.niceCallFunc
    /Users/mac/go/pkg/mod/github.com/gogf/gf/v2@v2.2.1/net/ghttp/ghttp_func.go:55
20. github.com/gogf/gf/v2/net/ghttp.(*middleware).callHandlerFunc
    /Users/mac/go/pkg/mod/github.com/gogf/gf/v2@v2.2.1/net/ghttp/ghttp_request_middleware.go:129
21. github.com/gogf/gf/v2/net/ghttp.(*middleware).Next.func1.4
    /Users/mac/go/pkg/mod/github.com/gogf/gf/v2@v2.2.1/net/ghttp/ghttp_request_middleware.go:90
22. github.com/gogf/gf/v2/net/ghttp.niceCallFunc
    /Users/mac/go/pkg/mod/github.com/gogf/gf/v2@v2.2.1/net/ghttp/ghttp_func.go:55
23. github.com/gogf/gf/v2/net/ghttp.(*middleware).Next.func1
    /Users/mac/go/pkg/mod/github.com/gogf/gf/v2@v2.2.1/net/ghttp/ghttp_request_middleware.go:89
24. github.com/gogf/gf/v2/util/gutil.TryCatch
    /Users/mac/go/pkg/mod/github.com/gogf/gf/v2@v2.2.1/util/gutil/gutil.go:56
25. github.com/gogf/gf/v2/net/ghttp.(*middleware).Next
    /Users/mac/go/pkg/mod/github.com/gogf/gf/v2@v2.2.1/net/ghttp/ghttp_request_middleware.go:49
26. github.com/goflyfox/gtoken/gtoken.(*GfToken).authMiddleware
    /Users/mac/go/pkg/mod/github.com/goflyfox/gtoken@v1.5.7/gtoken/gtoken.go:113
27. github.com/gogf/gf/v2/net/ghttp.(*middleware).Next.func1.1
    /Users/mac/go/pkg/mod/github.com/gogf/gf/v2@v2.2.1/net/ghttp/ghttp_request_middleware.go:55
28. github.com/gogf/gf/v2/net/ghttp.niceCallFunc
    /Users/mac/go/pkg/mod/github.com/gogf/gf/v2@v2.2.1/net/ghttp/ghttp_func.go:55
29. github.com/gogf/gf/v2/net/ghttp.(*middleware).Next.func1
    /Users/mac/go/pkg/mod/github.com/gogf/gf/v2@v2.2.1/net/ghttp/ghttp_request_middleware.go:54
30. github.com/gogf/gf/v2/util/gutil.TryCatch
    /Users/mac/go/pkg/mod/github.com/gogf/gf/v2@v2.2.1/util/gutil/gutil.go:56
31. github.com/gogf/gf/v2/net/ghttp.(*middleware).Next
    /Users/mac/go/pkg/mod/github.com/gogf/gf/v2@v2.2.1/net/ghttp/ghttp_request_middleware.go:49
32. goframe-shop-test/internal/logic/middleware.(*sMiddleware).ResponseHandler
    /Users/mac/goframe-shop-test/internal/logic/middleware/middleware.go:29
33. github.com/gogf/gf/v2/net/ghttp.(*middleware).Next.func1.1
    /Users/mac/go/pkg/mod/github.com/gogf/gf/v2@v2.2.1/net/ghttp/ghttp_request_middleware.go:55
34. github.com/gogf/gf/v2/net/ghttp.niceCallFunc
    /Users/mac/go/pkg/mod/github.com/gogf/gf/v2@v2.2.1/net/ghttp/ghttp_func.go:55
35. github.com/gogf/gf/v2/net/ghttp.(*middleware).Next.func1
    /Users/mac/go/pkg/mod/github.com/gogf/gf/v2@v2.2.1/net/ghttp/ghttp_request_middleware.go:54
36. github.com/gogf/gf/v2/util/gutil.TryCatch
    /Users/mac/go/pkg/mod/github.com/gogf/gf/v2@v2.2.1/util/gutil/gutil.go:56
37. github.com/gogf/gf/v2/net/ghttp.(*middleware).Next
    /Users/mac/go/pkg/mod/github.com/gogf/gf/v2@v2.2.1/net/ghttp/ghttp_request_middleware.go:49
38. goframe-shop-test/internal/logic/middleware.(*sMiddleware).Ctx
    /Users/mac/goframe-shop-test/internal/logic/middleware/middleware.go:86
39. github.com/gogf/gf/v2/net/ghttp.(*middleware).Next.func1.1
    /Users/mac/go/pkg/mod/github.com/gogf/gf/v2@v2.2.1/net/ghttp/ghttp_request_middleware.go:55
40. github.com/gogf/gf/v2/net/ghttp.niceCallFunc
    /Users/mac/go/pkg/mod/github.com/gogf/gf/v2@v2.2.1/net/ghttp/ghttp_func.go:55
41. github.com/gogf/gf/v2/net/ghttp.(*middleware).Next.func1
    /Users/mac/go/pkg/mod/github.com/gogf/gf/v2@v2.2.1/net/ghttp/ghttp_request_middleware.go:54
42. github.com/gogf/gf/v2/util/gutil.TryCatch
    /Users/mac/go/pkg/mod/github.com/gogf/gf/v2@v2.2.1/util/gutil/gutil.go:56
43. github.com/gogf/gf/v2/net/ghttp.(*middleware).Next
    /Users/mac/go/pkg/mod/github.com/gogf/gf/v2@v2.2.1/net/ghttp/ghttp_request_middleware.go:49
44. goframe-shop-test/internal/logic/middleware.(*sMiddleware).CORS
    /Users/mac/goframe-shop-test/internal/logic/middleware/middleware.go:91
45. github.com/gogf/gf/v2/net/ghttp.(*middleware).Next.func1.1
    /Users/mac/go/pkg/mod/github.com/gogf/gf/v2@v2.2.1/net/ghttp/ghttp_request_middleware.go:55
46. github.com/gogf/gf/v2/net/ghttp.niceCallFunc
    /Users/mac/go/pkg/mod/github.com/gogf/gf/v2@v2.2.1/net/ghttp/ghttp_func.go:55
47. github.com/gogf/gf/v2/net/ghttp.(*middleware).Next.func1
    /Users/mac/go/pkg/mod/github.com/gogf/gf/v2@v2.2.1/net/ghttp/ghttp_request_middleware.go:54
48. github.com/gogf/gf/v2/util/gutil.TryCatch
    /Users/mac/go/pkg/mod/github.com/gogf/gf/v2@v2.2.1/util/gutil/gutil.go:56
49. github.com/gogf/gf/v2/net/ghttp.(*middleware).Next
    /Users/mac/go/pkg/mod/github.com/gogf/gf/v2@v2.2.1/net/ghttp/ghttp_request_middleware.go:49
50. github.com/gogf/gf/v2/net/ghttp.internalMiddlewareServerTracing
    /Users/mac/go/pkg/mod/github.com/gogf/gf/v2@v2.2.1/net/ghttp/ghttp_middleware_tracing.go:78
51. github.com/gogf/gf/v2/net/ghttp.(*middleware).Next.func1.5
    /Users/mac/go/pkg/mod/github.com/gogf/gf/v2@v2.2.1/net/ghttp/ghttp_request_middleware.go:96
52. github.com/gogf/gf/v2/net/ghttp.niceCallFunc
    /Users/mac/go/pkg/mod/github.com/gogf/gf/v2@v2.2.1/net/ghttp/ghttp_func.go:55
53. github.com/gogf/gf/v2/net/ghttp.(*middleware).Next.func1
    /Users/mac/go/pkg/mod/github.com/gogf/gf/v2@v2.2.1/net/ghttp/ghttp_request_middleware.go:95
54. github.com/gogf/gf/v2/util/gutil.TryCatch
    /Users/mac/go/pkg/mod/github.com/gogf/gf/v2@v2.2.1/util/gutil/gutil.go:56
55. github.com/gogf/gf/v2/net/ghttp.(*middleware).Next
    /Users/mac/go/pkg/mod/github.com/gogf/gf/v2@v2.2.1/net/ghttp/ghttp_request_middleware.go:49
56. github.com/gogf/gf/v2/net/ghttp.(*Server).ServeHTTP
    /Users/mac/go/pkg/mod/github.com/gogf/gf/v2@v2.2.1/net/ghttp/ghttp_server_handler.go:121

2023-07-28 21:34:30.199 [ERRO] {5878c15e6c0b76177afa20660f44c235} [  0 ms] [default] [rows:0  ] SHOW FULL COLUMNS FROM `admin_info`
Error: dial tcp 127.0.0.1:3306: connect: connection refused
Stack:
1.  github.com/gogf/gf/v2/database/gdb.(*Core).writeSqlToLogger
    /Users/mac/go/pkg/mod/github.com/gogf/gf/v2@v2.2.1/database/gdb/gdb_core.go:674
2.  github.com/gogf/gf/v2/database/gdb.(*Core).DoCommit
    /Users/mac/go/pkg/mod/github.com/gogf/gf/v2@v2.2.1/database/gdb/gdb_core_underlying.go:277
3.  github.com/gogf/gf/v2/database/gdb.(*Core).DoQuery
    /Users/mac/go/pkg/mod/github.com/gogf/gf/v2@v2.2.1/database/gdb/gdb_core_underlying.go:74
4.  github.com/gogf/gf/v2/database/gdb.(*Core).DoSelect
    /Users/mac/go/pkg/mod/github.com/gogf/gf/v2@v2.2.1/database/gdb/gdb_core.go:155
5.  github.com/gogf/gf/contrib/drivers/mysql/v2.(*Driver).TableFields
    /Users/mac/go/pkg/mod/github.com/gogf/gf/contrib/drivers/mysql/v2@v2.2.1/mysql.go:149
6.  github.com/gogf/gf/v2/database/gdb.(*DriverWrapperDB).TableFields.func1
    /Users/mac/go/pkg/mod/github.com/gogf/gf/v2@v2.2.1/database/gdb/gdb_driver_wrapper_db.go:80
7.  github.com/gogf/gf/v2/container/gmap.(*StrAnyMap).doSetWithLockCheck
    /Users/mac/go/pkg/mod/github.com/gogf/gf/v2@v2.2.1/container/gmap/gmap_hash_str_any_map.go:217
8.  github.com/gogf/gf/v2/container/gmap.(*StrAnyMap).GetOrSetFuncLock
    /Users/mac/go/pkg/mod/github.com/gogf/gf/v2@v2.2.1/container/gmap/gmap_hash_str_any_map.go:254
9.  github.com/gogf/gf/v2/database/gdb.(*DriverWrapperDB).TableFields
    /Users/mac/go/pkg/mod/github.com/gogf/gf/v2@v2.2.1/database/gdb/gdb_driver_wrapper_db.go:78
10. github.com/gogf/gf/v2/database/gdb.(*Model).TableFields
    /Users/mac/go/pkg/mod/github.com/gogf/gf/v2@v2.2.1/database/gdb/gdb_model_utility.go:38
11. github.com/gogf/gf/v2/database/gdb.(*Model).getSoftFieldName
    /Users/mac/go/pkg/mod/github.com/gogf/gf/v2@v2.2.1/database/gdb/gdb_model_time.go:98
12. github.com/gogf/gf/v2/database/gdb.(*Model).getSoftFieldNameDeleted
    /Users/mac/go/pkg/mod/github.com/gogf/gf/v2@v2.2.1/database/gdb/gdb_model_time.go:92
13. github.com/gogf/gf/v2/database/gdb.(*Model).getConditionForSoftDeleting
    /Users/mac/go/pkg/mod/github.com/gogf/gf/v2@v2.2.1/database/gdb/gdb_model_time.go:144
14. github.com/gogf/gf/v2/database/gdb.(*Model).formatCondition
    /Users/mac/go/pkg/mod/github.com/gogf/gf/v2@v2.2.1/database/gdb/gdb_model_select.go:619
15. github.com/gogf/gf/v2/database/gdb.(*Model).getFormattedSqlAndArgs
    /Users/mac/go/pkg/mod/github.com/gogf/gf/v2@v2.2.1/database/gdb/gdb_model_select.go:577
16. github.com/gogf/gf/v2/database/gdb.(*Model).doGetAll
    /Users/mac/go/pkg/mod/github.com/gogf/gf/v2@v2.2.1/database/gdb/gdb_model_select.go:45
17. github.com/gogf/gf/v2/database/gdb.(*Model).One
    /Users/mac/go/pkg/mod/github.com/gogf/gf/v2@v2.2.1/database/gdb/gdb_model_select.go:140
18. github.com/gogf/gf/v2/database/gdb.(*Model).doStruct
    /Users/mac/go/pkg/mod/github.com/gogf/gf/v2@v2.2.1/database/gdb/gdb_model_select.go:238
19. github.com/gogf/gf/v2/database/gdb.(*Model).Scan
    /Users/mac/go/pkg/mod/github.com/gogf/gf/v2@v2.2.1/database/gdb/gdb_model_select.go:326
20. goframe-shop-test/internal/cmd.loginFunc
    /Users/mac/goframe-shop-test/internal/cmd/cmd.go:93
21. github.com/goflyfox/gtoken/gtoken.(*GfToken).Login
    /Users/mac/go/pkg/mod/github.com/goflyfox/gtoken@v1.5.7/gtoken/gtoken.go:70
22. github.com/gogf/gf/v2/net/ghttp.(*middleware).callHandlerFunc.func1
    /Users/mac/go/pkg/mod/github.com/gogf/gf/v2@v2.2.1/net/ghttp/ghttp_request_middleware.go:131
23. github.com/gogf/gf/v2/net/ghttp.niceCallFunc
    /Users/mac/go/pkg/mod/github.com/gogf/gf/v2@v2.2.1/net/ghttp/ghttp_func.go:55
24. github.com/gogf/gf/v2/net/ghttp.(*middleware).callHandlerFunc
    /Users/mac/go/pkg/mod/github.com/gogf/gf/v2@v2.2.1/net/ghttp/ghttp_request_middleware.go:129
25. github.com/gogf/gf/v2/net/ghttp.(*middleware).Next.func1.4
    /Users/mac/go/pkg/mod/github.com/gogf/gf/v2@v2.2.1/net/ghttp/ghttp_request_middleware.go:90
26. github.com/gogf/gf/v2/net/ghttp.niceCallFunc
    /Users/mac/go/pkg/mod/github.com/gogf/gf/v2@v2.2.1/net/ghttp/ghttp_func.go:55
27. github.com/gogf/gf/v2/net/ghttp.(*middleware).Next.func1
    /Users/mac/go/pkg/mod/github.com/gogf/gf/v2@v2.2.1/net/ghttp/ghttp_request_middleware.go:89
28. github.com/gogf/gf/v2/util/gutil.TryCatch
    /Users/mac/go/pkg/mod/github.com/gogf/gf/v2@v2.2.1/util/gutil/gutil.go:56
29. github.com/gogf/gf/v2/net/ghttp.(*middleware).Next
    /Users/mac/go/pkg/mod/github.com/gogf/gf/v2@v2.2.1/net/ghttp/ghttp_request_middleware.go:49
30. github.com/goflyfox/gtoken/gtoken.(*GfToken).authMiddleware
    /Users/mac/go/pkg/mod/github.com/goflyfox/gtoken@v1.5.7/gtoken/gtoken.go:113
31. github.com/gogf/gf/v2/net/ghttp.(*middleware).Next.func1.1
    /Users/mac/go/pkg/mod/github.com/gogf/gf/v2@v2.2.1/net/ghttp/ghttp_request_middleware.go:55
32. github.com/gogf/gf/v2/net/ghttp.niceCallFunc
    /Users/mac/go/pkg/mod/github.com/gogf/gf/v2@v2.2.1/net/ghttp/ghttp_func.go:55
33. github.com/gogf/gf/v2/net/ghttp.(*middleware).Next.func1
    /Users/mac/go/pkg/mod/github.com/gogf/gf/v2@v2.2.1/net/ghttp/ghttp_request_middleware.go:54
34. github.com/gogf/gf/v2/util/gutil.TryCatch
    /Users/mac/go/pkg/mod/github.com/gogf/gf/v2@v2.2.1/util/gutil/gutil.go:56
35. github.com/gogf/gf/v2/net/ghttp.(*middleware).Next
    /Users/mac/go/pkg/mod/github.com/gogf/gf/v2@v2.2.1/net/ghttp/ghttp_request_middleware.go:49
36. goframe-shop-test/internal/logic/middleware.(*sMiddleware).ResponseHandler
    /Users/mac/goframe-shop-test/internal/logic/middleware/middleware.go:29
37. github.com/gogf/gf/v2/net/ghttp.(*middleware).Next.func1.1
    /Users/mac/go/pkg/mod/github.com/gogf/gf/v2@v2.2.1/net/ghttp/ghttp_request_middleware.go:55
38. github.com/gogf/gf/v2/net/ghttp.niceCallFunc
    /Users/mac/go/pkg/mod/github.com/gogf/gf/v2@v2.2.1/net/ghttp/ghttp_func.go:55
39. github.com/gogf/gf/v2/net/ghttp.(*middleware).Next.func1
    /Users/mac/go/pkg/mod/github.com/gogf/gf/v2@v2.2.1/net/ghttp/ghttp_request_middleware.go:54
40. github.com/gogf/gf/v2/util/gutil.TryCatch
    /Users/mac/go/pkg/mod/github.com/gogf/gf/v2@v2.2.1/util/gutil/gutil.go:56
41. github.com/gogf/gf/v2/net/ghttp.(*middleware).Next
    /Users/mac/go/pkg/mod/github.com/gogf/gf/v2@v2.2.1/net/ghttp/ghttp_request_middleware.go:49
42. goframe-shop-test/internal/logic/middleware.(*sMiddleware).Ctx
    /Users/mac/goframe-shop-test/internal/logic/middleware/middleware.go:86
43. github.com/gogf/gf/v2/net/ghttp.(*middleware).Next.func1.1
    /Users/mac/go/pkg/mod/github.com/gogf/gf/v2@v2.2.1/net/ghttp/ghttp_request_middleware.go:55
44. github.com/gogf/gf/v2/net/ghttp.niceCallFunc
    /Users/mac/go/pkg/mod/github.com/gogf/gf/v2@v2.2.1/net/ghttp/ghttp_func.go:55
45. github.com/gogf/gf/v2/net/ghttp.(*middleware).Next.func1
    /Users/mac/go/pkg/mod/github.com/gogf/gf/v2@v2.2.1/net/ghttp/ghttp_request_middleware.go:54
46. github.com/gogf/gf/v2/util/gutil.TryCatch
    /Users/mac/go/pkg/mod/github.com/gogf/gf/v2@v2.2.1/util/gutil/gutil.go:56
47. github.com/gogf/gf/v2/net/ghttp.(*middleware).Next
    /Users/mac/go/pkg/mod/github.com/gogf/gf/v2@v2.2.1/net/ghttp/ghttp_request_middleware.go:49
48. goframe-shop-test/internal/logic/middleware.(*sMiddleware).CORS
    /Users/mac/goframe-shop-test/internal/logic/middleware/middleware.go:91
49. github.com/gogf/gf/v2/net/ghttp.(*middleware).Next.func1.1
    /Users/mac/go/pkg/mod/github.com/gogf/gf/v2@v2.2.1/net/ghttp/ghttp_request_middleware.go:55
50. github.com/gogf/gf/v2/net/ghttp.niceCallFunc
    /Users/mac/go/pkg/mod/github.com/gogf/gf/v2@v2.2.1/net/ghttp/ghttp_func.go:55
51. github.com/gogf/gf/v2/net/ghttp.(*middleware).Next.func1
    /Users/mac/go/pkg/mod/github.com/gogf/gf/v2@v2.2.1/net/ghttp/ghttp_request_middleware.go:54
52. github.com/gogf/gf/v2/util/gutil.TryCatch
    /Users/mac/go/pkg/mod/github.com/gogf/gf/v2@v2.2.1/util/gutil/gutil.go:56
53. github.com/gogf/gf/v2/net/ghttp.(*middleware).Next
    /Users/mac/go/pkg/mod/github.com/gogf/gf/v2@v2.2.1/net/ghttp/ghttp_request_middleware.go:49
54. github.com/gogf/gf/v2/net/ghttp.internalMiddlewareServerTracing
    /Users/mac/go/pkg/mod/github.com/gogf/gf/v2@v2.2.1/net/ghttp/ghttp_middleware_tracing.go:78
55. github.com/gogf/gf/v2/net/ghttp.(*middleware).Next.func1.5
    /Users/mac/go/pkg/mod/github.com/gogf/gf/v2@v2.2.1/net/ghttp/ghttp_request_middleware.go:96
56. github.com/gogf/gf/v2/net/ghttp.niceCallFunc
    /Users/mac/go/pkg/mod/github.com/gogf/gf/v2@v2.2.1/net/ghttp/ghttp_func.go:55
57. github.com/gogf/gf/v2/net/ghttp.(*middleware).Next.func1
    /Users/mac/go/pkg/mod/github.com/gogf/gf/v2@v2.2.1/net/ghttp/ghttp_request_middleware.go:95
58. github.com/gogf/gf/v2/util/gutil.TryCatch
    /Users/mac/go/pkg/mod/github.com/gogf/gf/v2@v2.2.1/util/gutil/gutil.go:56
59. github.com/gogf/gf/v2/net/ghttp.(*middleware).Next
    /Users/mac/go/pkg/mod/github.com/gogf/gf/v2@v2.2.1/net/ghttp/ghttp_request_middleware.go:49
60. github.com/gogf/gf/v2/net/ghttp.(*Server).ServeHTTP
    /Users/mac/go/pkg/mod/github.com/gogf/gf/v2@v2.2.1/net/ghttp/ghttp_server_handler.go:121

2023-07-28 21:34:30.209 [ERRO] {983c625f6c0b76177bfa206648eefb42} [  1 ms] [default] [rows:0  ] SELECT `Id`,`Name`,`Password`,`RoleIds`,`CreatedAt`,`UpdatedAt`,`DeletedAt`,`UserSalt`,`IsAdmin` FROM `admin_info` WHERE `name`='wangzhongyang' LIMIT 1
Error: dial tcp 127.0.0.1:3306: connect: connection refused
Stack:
1.  github.com/gogf/gf/v2/database/gdb.(*Core).writeSqlToLogger
    /Users/mac/go/pkg/mod/github.com/gogf/gf/v2@v2.2.1/database/gdb/gdb_core.go:674
2.  github.com/gogf/gf/v2/database/gdb.(*Core).DoCommit
    /Users/mac/go/pkg/mod/github.com/gogf/gf/v2@v2.2.1/database/gdb/gdb_core_underlying.go:277
3.  github.com/gogf/gf/v2/database/gdb.(*Core).DoQuery
    /Users/mac/go/pkg/mod/github.com/gogf/gf/v2@v2.2.1/database/gdb/gdb_core_underlying.go:74
4.  github.com/gogf/gf/v2/database/gdb.(*Core).DoSelect
    /Users/mac/go/pkg/mod/github.com/gogf/gf/v2@v2.2.1/database/gdb/gdb_core.go:155
5.  github.com/gogf/gf/v2/database/gdb.(*HookSelectInput).Next
    /Users/mac/go/pkg/mod/github.com/gogf/gf/v2@v2.2.1/database/gdb/gdb_model_hook.go:113
6.  github.com/gogf/gf/v2/database/gdb.(*Model).doGetAllBySql
    /Users/mac/go/pkg/mod/github.com/gogf/gf/v2@v2.2.1/database/gdb/gdb_model_select.go:547
7.  github.com/gogf/gf/v2/database/gdb.(*Model).doGetAll
    /Users/mac/go/pkg/mod/github.com/gogf/gf/v2@v2.2.1/database/gdb/gdb_model_select.go:46
8.  github.com/gogf/gf/v2/database/gdb.(*Model).One
    /Users/mac/go/pkg/mod/github.com/gogf/gf/v2@v2.2.1/database/gdb/gdb_model_select.go:140
9.  github.com/gogf/gf/v2/database/gdb.(*Model).doStruct
    /Users/mac/go/pkg/mod/github.com/gogf/gf/v2@v2.2.1/database/gdb/gdb_model_select.go:238
10. github.com/gogf/gf/v2/database/gdb.(*Model).Scan
    /Users/mac/go/pkg/mod/github.com/gogf/gf/v2@v2.2.1/database/gdb/gdb_model_select.go:326
11. goframe-shop-test/internal/cmd.loginFunc
    /Users/mac/goframe-shop-test/internal/cmd/cmd.go:93
12. github.com/goflyfox/gtoken/gtoken.(*GfToken).Login
    /Users/mac/go/pkg/mod/github.com/goflyfox/gtoken@v1.5.7/gtoken/gtoken.go:70
13. github.com/gogf/gf/v2/net/ghttp.(*middleware).callHandlerFunc.func1
    /Users/mac/go/pkg/mod/github.com/gogf/gf/v2@v2.2.1/net/ghttp/ghttp_request_middleware.go:131
14. github.com/gogf/gf/v2/net/ghttp.niceCallFunc
    /Users/mac/go/pkg/mod/github.com/gogf/gf/v2@v2.2.1/net/ghttp/ghttp_func.go:55
15. github.com/gogf/gf/v2/net/ghttp.(*middleware).callHandlerFunc
    /Users/mac/go/pkg/mod/github.com/gogf/gf/v2@v2.2.1/net/ghttp/ghttp_request_middleware.go:129
16. github.com/gogf/gf/v2/net/ghttp.(*middleware).Next.func1.4
    /Users/mac/go/pkg/mod/github.com/gogf/gf/v2@v2.2.1/net/ghttp/ghttp_request_middleware.go:90
17. github.com/gogf/gf/v2/net/ghttp.niceCallFunc
    /Users/mac/go/pkg/mod/github.com/gogf/gf/v2@v2.2.1/net/ghttp/ghttp_func.go:55
18. github.com/gogf/gf/v2/net/ghttp.(*middleware).Next.func1
    /Users/mac/go/pkg/mod/github.com/gogf/gf/v2@v2.2.1/net/ghttp/ghttp_request_middleware.go:89
19. github.com/gogf/gf/v2/util/gutil.TryCatch
    /Users/mac/go/pkg/mod/github.com/gogf/gf/v2@v2.2.1/util/gutil/gutil.go:56
20. github.com/gogf/gf/v2/net/ghttp.(*middleware).Next
    /Users/mac/go/pkg/mod/github.com/gogf/gf/v2@v2.2.1/net/ghttp/ghttp_request_middleware.go:49
21. github.com/goflyfox/gtoken/gtoken.(*GfToken).authMiddleware
    /Users/mac/go/pkg/mod/github.com/goflyfox/gtoken@v1.5.7/gtoken/gtoken.go:113
22. github.com/gogf/gf/v2/net/ghttp.(*middleware).Next.func1.1
    /Users/mac/go/pkg/mod/github.com/gogf/gf/v2@v2.2.1/net/ghttp/ghttp_request_middleware.go:55
23. github.com/gogf/gf/v2/net/ghttp.niceCallFunc
    /Users/mac/go/pkg/mod/github.com/gogf/gf/v2@v2.2.1/net/ghttp/ghttp_func.go:55
24. github.com/gogf/gf/v2/net/ghttp.(*middleware).Next.func1
    /Users/mac/go/pkg/mod/github.com/gogf/gf/v2@v2.2.1/net/ghttp/ghttp_request_middleware.go:54
25. github.com/gogf/gf/v2/util/gutil.TryCatch
    /Users/mac/go/pkg/mod/github.com/gogf/gf/v2@v2.2.1/util/gutil/gutil.go:56
26. github.com/gogf/gf/v2/net/ghttp.(*middleware).Next
    /Users/mac/go/pkg/mod/github.com/gogf/gf/v2@v2.2.1/net/ghttp/ghttp_request_middleware.go:49
27. goframe-shop-test/internal/logic/middleware.(*sMiddleware).ResponseHandler
    /Users/mac/goframe-shop-test/internal/logic/middleware/middleware.go:29
28. github.com/gogf/gf/v2/net/ghttp.(*middleware).Next.func1.1
    /Users/mac/go/pkg/mod/github.com/gogf/gf/v2@v2.2.1/net/ghttp/ghttp_request_middleware.go:55
29. github.com/gogf/gf/v2/net/ghttp.niceCallFunc
    /Users/mac/go/pkg/mod/github.com/gogf/gf/v2@v2.2.1/net/ghttp/ghttp_func.go:55
30. github.com/gogf/gf/v2/net/ghttp.(*middleware).Next.func1
    /Users/mac/go/pkg/mod/github.com/gogf/gf/v2@v2.2.1/net/ghttp/ghttp_request_middleware.go:54
31. github.com/gogf/gf/v2/util/gutil.TryCatch
    /Users/mac/go/pkg/mod/github.com/gogf/gf/v2@v2.2.1/util/gutil/gutil.go:56
32. github.com/gogf/gf/v2/net/ghttp.(*middleware).Next
    /Users/mac/go/pkg/mod/github.com/gogf/gf/v2@v2.2.1/net/ghttp/ghttp_request_middleware.go:49
33. goframe-shop-test/internal/logic/middleware.(*sMiddleware).Ctx
    /Users/mac/goframe-shop-test/internal/logic/middleware/middleware.go:86
34. github.com/gogf/gf/v2/net/ghttp.(*middleware).Next.func1.1
    /Users/mac/go/pkg/mod/github.com/gogf/gf/v2@v2.2.1/net/ghttp/ghttp_request_middleware.go:55
35. github.com/gogf/gf/v2/net/ghttp.niceCallFunc
    /Users/mac/go/pkg/mod/github.com/gogf/gf/v2@v2.2.1/net/ghttp/ghttp_func.go:55
36. github.com/gogf/gf/v2/net/ghttp.(*middleware).Next.func1
    /Users/mac/go/pkg/mod/github.com/gogf/gf/v2@v2.2.1/net/ghttp/ghttp_request_middleware.go:54
37. github.com/gogf/gf/v2/util/gutil.TryCatch
    /Users/mac/go/pkg/mod/github.com/gogf/gf/v2@v2.2.1/util/gutil/gutil.go:56
38. github.com/gogf/gf/v2/net/ghttp.(*middleware).Next
    /Users/mac/go/pkg/mod/github.com/gogf/gf/v2@v2.2.1/net/ghttp/ghttp_request_middleware.go:49
39. goframe-shop-test/internal/logic/middleware.(*sMiddleware).CORS
    /Users/mac/goframe-shop-test/internal/logic/middleware/middleware.go:91
40. github.com/gogf/gf/v2/net/ghttp.(*middleware).Next.func1.1
    /Users/mac/go/pkg/mod/github.com/gogf/gf/v2@v2.2.1/net/ghttp/ghttp_request_middleware.go:55
41. github.com/gogf/gf/v2/net/ghttp.niceCallFunc
    /Users/mac/go/pkg/mod/github.com/gogf/gf/v2@v2.2.1/net/ghttp/ghttp_func.go:55
42. github.com/gogf/gf/v2/net/ghttp.(*middleware).Next.func1
    /Users/mac/go/pkg/mod/github.com/gogf/gf/v2@v2.2.1/net/ghttp/ghttp_request_middleware.go:54
43. github.com/gogf/gf/v2/util/gutil.TryCatch
    /Users/mac/go/pkg/mod/github.com/gogf/gf/v2@v2.2.1/util/gutil/gutil.go:56
44. github.com/gogf/gf/v2/net/ghttp.(*middleware).Next
    /Users/mac/go/pkg/mod/github.com/gogf/gf/v2@v2.2.1/net/ghttp/ghttp_request_middleware.go:49
45. github.com/gogf/gf/v2/net/ghttp.internalMiddlewareServerTracing
    /Users/mac/go/pkg/mod/github.com/gogf/gf/v2@v2.2.1/net/ghttp/ghttp_middleware_tracing.go:78
46. github.com/gogf/gf/v2/net/ghttp.(*middleware).Next.func1.5
    /Users/mac/go/pkg/mod/github.com/gogf/gf/v2@v2.2.1/net/ghttp/ghttp_request_middleware.go:96
47. github.com/gogf/gf/v2/net/ghttp.niceCallFunc
    /Users/mac/go/pkg/mod/github.com/gogf/gf/v2@v2.2.1/net/ghttp/ghttp_func.go:55
48. github.com/gogf/gf/v2/net/ghttp.(*middleware).Next.func1
    /Users/mac/go/pkg/mod/github.com/gogf/gf/v2@v2.2.1/net/ghttp/ghttp_request_middleware.go:95
49. github.com/gogf/gf/v2/util/gutil.TryCatch
    /Users/mac/go/pkg/mod/github.com/gogf/gf/v2@v2.2.1/util/gutil/gutil.go:56
50. github.com/gogf/gf/v2/net/ghttp.(*middleware).Next
    /Users/mac/go/pkg/mod/github.com/gogf/gf/v2@v2.2.1/net/ghttp/ghttp_request_middleware.go:49
51. github.com/gogf/gf/v2/net/ghttp.(*Server).ServeHTTP
    /Users/mac/go/pkg/mod/github.com/gogf/gf/v2@v2.2.1/net/ghttp/ghttp_server_handler.go:121

2023-07-28 21:35:06.438 [DEBU] {a837cdcc740b76177dfa2066615186f4} [ 34 ms] [default] [rows:8  ] SHOW FULL COLUMNS FROM `admin_info`
2023-07-28 21:35:06.446 [DEBU] {080fdace740b76177efa2066ace38937} [  8 ms] [default] [rows:1  ] SELECT `id`,`name`,`password`,`role_ids`,`created_at`,`updated_at`,`user_salt`,`is_admin` FROM `admin_info` WHERE `name`='wangzhongyang' LIMIT 1
2023-07-28 21:37:58.861 [DEBU] {d87fe2f39c0b761781fa206643636861} [  3 ms] [default] [rows:1  ] SELECT `id`,`name`,`password`,`role_ids`,`created_at`,`updated_at`,`user_salt`,`is_admin` FROM `admin_info` WHERE `name`='wangzhongyang' LIMIT 1
2023-07-28 21:37:58.866 [DEBU] {d0e740f49c0b761782fa2066ec6c8bbd} [  2 ms] [default] [rows:1  ] SELECT `id`,`name`,`password`,`role_ids`,`created_at`,`updated_at`,`user_salt`,`is_admin` FROM `admin_info` WHERE `id`='3' LIMIT 1
2023-07-28 21:37:58.875 [DEBU] {086662f49c0b761783fa20660bd8ac0e} [  8 ms] [default] [rows:5  ] SHOW FULL COLUMNS FROM `role_permission_info`
2023-07-28 21:37:58.884 [DEBU] {e828f1f49c0b761784fa2066d7148aad} [  8 ms] [default] [rows:0  ] SELECT `id`,`role_id`,`permission_id`,`created_at`,`updated_at` FROM `role_permission_info` WHERE `role_id` IN ('2')
2023-07-28 21:37:58.889 [DEBU] {606276f59c0b761785fa206612053ae4} [  4 ms] [default] [rows:6  ] SHOW FULL COLUMNS FROM `permission_info`
2023-07-28 21:37:58.892 [DEBU] {c847c4f59c0b761786fa206650e3a714} [  2 ms] [default] [rows:0  ] SELECT `id`,`name`,`path`,`created_at`,`updated_at`,`deleted_at` FROM `permission_info` WHERE (0=1) AND `deleted_at` IS NULL
2023-07-28 21:38:56.053 [DEBU] {b07ce144aa0b761789fa2066a24c1289} [  1 ms] [default] [rows:1  ] SELECT `id`,`name`,`password`,`role_ids`,`created_at`,`updated_at`,`user_salt`,`is_admin` FROM `admin_info` WHERE `name`='wangzhongyang' LIMIT 1
2023-07-28 21:38:56.055 [DEBU] {88750645aa0b76178afa2066d65610fa} [  1 ms] [default] [rows:1  ] SELECT `id`,`name`,`password`,`role_ids`,`created_at`,`updated_at`,`user_salt`,`is_admin` FROM `admin_info` WHERE `id`='3' LIMIT 1
2023-07-28 21:38:56.056 [DEBU] {38c31745aa0b76178bfa206651db7442} [  1 ms] [default] [rows:0  ] SELECT `id`,`role_id`,`permission_id`,`created_at`,`updated_at` FROM `role_permission_info` WHERE `role_id` IN ('2')
2023-07-28 21:38:56.057 [DEBU] {a0812d45aa0b76178cfa206689ee6c03} [  0 ms] [default] [rows:0  ] SELECT `id`,`name`,`path`,`created_at`,`updated_at`,`deleted_at` FROM `permission_info` WHERE (0=1) AND `deleted_at` IS NULL
2023-07-28 21:40:22.127 [DEBU] {b0aff94ebe0b76178532894f0c72429b} [  7 ms] [default] [rows:8  ] SHOW FULL COLUMNS FROM `admin_info`
2023-07-28 21:40:22.131 [DEBU] {583a854fbe0b76178632894fd29fb40f} [  1 ms] [default] [rows:1  ] SELECT `id`,`name`,`password`,`role_ids`,`created_at`,`updated_at`,`user_salt`,`is_admin` FROM `admin_info` WHERE `name`='wangzhongyang' LIMIT 1
2023-07-28 21:40:22.134 [DEBU] {78afbd4fbe0b76178732894fd80f3fca} [  1 ms] [default] [rows:1  ] SELECT `id`,`name`,`password`,`role_ids`,`created_at`,`updated_at`,`user_salt`,`is_admin` FROM `admin_info` WHERE `id`='3' LIMIT 1
2023-07-28 21:40:22.137 [DEBU] {48cece4fbe0b76178832894f6f2dba79} [  3 ms] [default] [rows:5  ] SHOW FULL COLUMNS FROM `role_permission_info`
2023-07-28 21:40:22.141 [DEBU] {9031fb4fbe0b76178932894fdbb5dc34} [  4 ms] [default] [rows:0  ] SELECT `id`,`role_id`,`permission_id`,`created_at`,`updated_at` FROM `role_permission_info` WHERE `role_id` IN ('2')
2023-07-28 21:40:22.144 [DEBU] {90a53b50be0b76178a32894fc2918eec} [  3 ms] [default] [rows:6  ] SHOW FULL COLUMNS FROM `permission_info`
2023-07-28 21:40:22.145 [DEBU] {e0b96d50be0b76178b32894f1b8d2048} [  0 ms] [default] [rows:0  ] SELECT `id`,`name`,`path`,`created_at`,`updated_at`,`deleted_at` FROM `permission_info` WHERE (0=1) AND `deleted_at` IS NULL
