2023-07-27 00:04:14.570 [DEBU] {58854d126f767517557e250245087939} [  2 ms] [default] [rows:1  ] SELECT `id`,`name`,`password`,`role_ids`,`created_at`,`updated_at`,`user_salt`,`is_admin` FROM `admin_info` WHERE `name`='wangzhongyang' LIMIT 1
2023-07-27 00:13:13.986 [DEBU] {3889c7a9ec7675172a27d72d3d6a35c7} [  6 ms] [default] [rows:8  ] SHOW FULL COLUMNS FROM `admin_info`
2023-07-27 00:13:13.990 [DEBU] {f87542aaec7675172b27d72d64869a62} [  1 ms] [default] [rows:1  ] SELECT `id`,`name`,`password`,`role_ids`,`created_at`,`updated_at`,`user_salt`,`is_admin` FROM `admin_info` WHERE `name`='wangzhongyang' LIMIT 1
2023-07-27 00:16:43.183 [DEBU] {78f50c5f1d7775172d27d72d9f0cf286} [  4 ms] [default] [rows:1  ] SELECT `id`,`name`,`password`,`role_ids`,`created_at`,`updated_at`,`user_salt`,`is_admin` FROM `admin_info` WHERE `name`='wangzhongyang' LIMIT 1
2023-07-27 00:19:18.285 [DEBU] {c80bb67b41777517bab7320b3094d314} [  6 ms] [default] [rows:8  ] SHOW FULL COLUMNS FROM `admin_info`
2023-07-27 00:19:18.288 [DEBU] {28c1277c41777517bbb7320bf5756b83} [  1 ms] [default] [rows:1  ] SELECT `id`,`name`,`password`,`role_ids`,`created_at`,`updated_at`,`user_salt`,`is_admin` FROM `admin_info` WHERE `name`='wangzhongyang' LIMIT 1
2023-07-27 00:22:54.402 [DEBU] {48cad6cb737775177807fc16ef0f9b29} [ 30 ms] [default] [rows:8  ] SHOW FULL COLUMNS FROM `admin_info`
2023-07-27 00:22:54.411 [DEBU] {98f9b9cd737775177907fc16c0ea83cc} [  8 ms] [default] [rows:1  ] SELECT `id`,`name`,`password`,`role_ids`,`created_at`,`updated_at`,`user_salt`,`is_admin` FROM `admin_info` WHERE `name`='wangzhongyang' LIMIT 1
2023-07-27 00:22:59.502 [DEBU] {b0709afd747775177b07fc16a97af3b5} [  0 ms] [default] [rows:1  ] SELECT `id`,`name`,`password`,`role_ids`,`created_at`,`updated_at`,`user_salt`,`is_admin` FROM `admin_info` WHERE `name`='wangzhongyang' LIMIT 1
2023-07-27 22:25:06.027 [DEBU] {88e220a19abf7517a7a99147a55e4cb0} [ 31 ms] [default] [rows:8  ] SHOW FULL COLUMNS FROM `admin_info`
2023-07-27 22:25:06.037 [DEBU] {50f205a39abf7517a8a991479c71b4b9} [  9 ms] [default] [rows:1  ] SELECT `id`,`name`,`password`,`role_ids`,`created_at`,`updated_at`,`user_salt`,`is_admin` FROM `admin_info` WHERE `name`='wangzhongyang' LIMIT 1
2023-07-27 22:30:59.831 [DEBU] {e0362e03edbf7517aaa991471a3c9015} [  2 ms] [default] [rows:1  ] SELECT `id`,`name`,`password`,`role_ids`,`created_at`,`updated_at`,`user_salt`,`is_admin` FROM `admin_info` WHERE `name`='wangzhongyang' LIMIT 1
2023-07-27 22:31:15.019 [DEBU] {8045898cf0bf7517aca99147d32ccb4b} [  1 ms] [default] [rows:1  ] SELECT `id`,`name`,`password`,`role_ids`,`created_at`,`updated_at`,`user_salt`,`is_admin` FROM `admin_info` WHERE `name`='wangzhongyang' LIMIT 1
2023-07-27 23:30:56.469 [DEBU] {70bc766b32c37517aea991477badef6a} [  3 ms] [default] [rows:1  ] SELECT `id`,`name`,`password`,`role_ids`,`created_at`,`updated_at`,`user_salt`,`is_admin` FROM `admin_info` WHERE `name`='wangzhongyang' LIMIT 1
2023-07-27 23:31:19.555 [DEBU] {98489ecb37c37517b0a991478f443800} [  1 ms] [default] [rows:1  ] SELECT `id`,`name`,`password`,`role_ids`,`created_at`,`updated_at`,`user_salt`,`is_admin` FROM `admin_info` WHERE `name`='wangzhongyang' LIMIT 1
2023-07-27 23:33:02.232 [DEBU] {28ce8db34fc37517b2a99147f382c7ec} [  2 ms] [default] [rows:1  ] SELECT `id`,`name`,`password`,`role_ids`,`created_at`,`updated_at`,`user_salt`,`is_admin` FROM `admin_info` WHERE `name`='wangzhongyang' LIMIT 1
2023-07-27 23:33:17.153 [DEBU] {4830072d53c37517b4a9914763c46a79} [  1 ms] [default] [rows:1  ] SELECT `id`,`name`,`password`,`role_ids`,`created_at`,`updated_at`,`user_salt`,`is_admin` FROM `admin_info` WHERE `name`='wangzhongyang' LIMIT 1
2023-07-27 23:34:17.095 [DEBU] {604d842161c3751763ddb15f0c169069} [  6 ms] [default] [rows:8  ] SHOW FULL COLUMNS FROM `admin_info`
2023-07-27 23:34:17.097 [DEBU] {a031f62161c3751764ddb15f87d10b57} [  1 ms] [default] [rows:1  ] SELECT `id`,`name`,`password`,`role_ids`,`created_at`,`updated_at`,`user_salt`,`is_admin` FROM `admin_info` WHERE `name`='wangzhongyang' LIMIT 1
2023-07-27 23:34:17.100 [DEBU] {28b4222261c3751765ddb15f22e5b255} [  1 ms] [default] [rows:1  ] SELECT `id`,`name`,`password`,`role_ids`,`created_at`,`updated_at`,`user_salt`,`is_admin` FROM `admin_info` WHERE `id`='3' LIMIT 1
2023-07-27 23:34:17.109 [DEBU] {2877412261c3751766ddb15fd093715c} [  7 ms] [default] [rows:5  ] SHOW FULL COLUMNS FROM `role_permission_info`
2023-07-27 23:34:17.116 [DEBU] {f0c1ba2261c3751767ddb15f8379ccee} [  7 ms] [default] [rows:0  ] SELECT `id`,`role_id`,`permission_id`,`created_at`,`updated_at` FROM `role_permission_info` WHERE `role_id` IN ('2')
2023-07-27 23:34:17.120 [DEBU] {c0112c2361c3751768ddb15ff43a9116} [  4 ms] [default] [rows:6  ] SHOW FULL COLUMNS FROM `permission_info`
2023-07-27 23:34:17.122 [DEBU] {b8e6632361c3751769ddb15fcc5353a2} [  2 ms] [default] [rows:0  ] SELECT `id`,`name`,`path`,`created_at`,`updated_at`,`deleted_at` FROM `permission_info` WHERE (0=1) AND `deleted_at` IS NULL
