2023-07-24 21:26:41.983 [DEBU] {d8386615add0741776e96e5285cfecfd} [  6 ms] [default] [rows:8  ] SHOW FULL COLUMNS FROM `admin_info`
2023-07-24 21:26:41.988 [DEBU] {c88fce15add0741777e96e52e4c269a9} [  4 ms] [default] [rows:1  ] SELECT `id`,`name`,`password`,`role_ids`,`created_at`,`updated_at`,`user_salt`,`is_admin` FROM `admin_info` WHERE `name`='wangzhongyang' LIMIT 1
2023-07-24 21:26:44.293 [DEBU] {a82b5a9fadd0741779e96e52eef82961} [  1 ms] [default] [rows:1  ] SELECT `id`,`name`,`password`,`role_ids`,`created_at`,`updated_at`,`user_salt`,`is_admin` FROM `admin_info` WHERE `name`='wangzhongyang' LIMIT 1
2023-07-24 21:26:45.612 [DEBU] {e0aa03eeadd074177be96e52c8c68d33} [  1 ms] [default] [rows:1  ] SELECT `id`,`name`,`password`,`role_ids`,`created_at`,`updated_at`,`user_salt`,`is_admin` FROM `admin_info` WHERE `name`='wangzhongyang' LIMIT 1
2023-07-24 21:26:46.664 [DEBU] {c07dbc2caed074177de96e52913a855a} [  0 ms] [default] [rows:1  ] SELECT `id`,`name`,`password`,`role_ids`,`created_at`,`updated_at`,`user_salt`,`is_admin` FROM `admin_info` WHERE `name`='wangzhongyang' LIMIT 1
2023-07-24 21:28:27.756 [DEBU] {58ff29b6c5d074177fe96e52025471b8} [  2 ms] [default] [rows:1  ] SELECT `id`,`name`,`password`,`role_ids`,`created_at`,`updated_at`,`user_salt`,`is_admin` FROM `admin_info` WHERE `name`='wangzhongyang' LIMIT 1
2023-07-24 21:28:29.658 [DEBU] {089f9f27c6d0741781e96e5214a56435} [  1 ms] [default] [rows:1  ] SELECT `id`,`name`,`password`,`role_ids`,`created_at`,`updated_at`,`user_salt`,`is_admin` FROM `admin_info` WHERE `name`='wangzhongyang' LIMIT 1
2023-07-24 21:28:38.301 [DEBU] {0839d32ac8d0741783e96e529869bfdf} [  0 ms] [default] [rows:1  ] SELECT `id`,`name`,`password`,`role_ids`,`created_at`,`updated_at`,`user_salt`,`is_admin` FROM `admin_info` WHERE `name`='wangzhongyang' LIMIT 1
2023-07-24 21:32:24.373 [DEBU] {7066b1cdfcd0741785e96e524495d750} [  1 ms] [default] [rows:1  ] SELECT `id`,`name`,`password`,`role_ids`,`created_at`,`updated_at`,`user_salt`,`is_admin` FROM `admin_info` WHERE `name`='wangzhongyang' LIMIT 1
2023-07-24 21:32:28.729 [DEBU] {50a25ed1fdd0741787e96e52a4f86dcb} [  1 ms] [default] [rows:1  ] SELECT `id`,`name`,`password`,`role_ids`,`created_at`,`updated_at`,`user_salt`,`is_admin` FROM `admin_info` WHERE `name`='wangzhongyang' LIMIT 1
2023-07-24 21:51:19.877 [DEBU] {e01fbe2e05d27417e549b841a9d15961} [  6 ms] [default] [rows:8  ] SHOW FULL COLUMNS FROM `admin_info`
2023-07-24 21:51:19.880 [DEBU] {40c3322f05d27417e649b841ce6da438} [  1 ms] [default] [rows:1  ] SELECT `id`,`name`,`password`,`role_ids`,`created_at`,`updated_at`,`user_salt`,`is_admin` FROM `admin_info` WHERE `name`='wangzhongyang' LIMIT 1
2023-07-24 21:52:49.759 [DEBU] {20785f1c1ad27417e849b8412d1feaf2} [  2 ms] [default] [rows:1  ] SELECT `id`,`name`,`password`,`role_ids`,`created_at`,`updated_at`,`user_salt`,`is_admin` FROM `admin_info` WHERE `name`='wangzhongyang' LIMIT 1
2023-07-24 22:29:20.806 [DEBU] {8001b64018d47417e2341f268bfdc5d3} [  6 ms] [default] [rows:8  ] SHOW FULL COLUMNS FROM `admin_info`
2023-07-24 22:29:20.808 [DEBU] {60c01b4118d47417e3341f2615910151} [  1 ms] [default] [rows:1  ] SELECT `id`,`name`,`password`,`role_ids`,`created_at`,`updated_at`,`user_salt`,`is_admin` FROM `admin_info` WHERE `name`='wangzhongyang' LIMIT 1
2023-07-24 22:29:36.643 [DEBU] {780ffcf01bd47417e5341f26598067b3} [  0 ms] [default] [rows:1  ] SELECT `id`,`name`,`password`,`role_ids`,`created_at`,`updated_at`,`user_salt`,`is_admin` FROM `admin_info` WHERE `name`='wangzhongyang' LIMIT 1
2023-07-24 22:33:45.655 [DEBU] {183bedea55d47417f3416222079c5bcd} [  6 ms] [default] [rows:8  ] SHOW FULL COLUMNS FROM `admin_info`
2023-07-24 22:33:45.658 [DEBU] {b0cf5beb55d47417f441622274e9c22c} [  2 ms] [default] [rows:1  ] SELECT `id`,`name`,`password`,`role_ids`,`created_at`,`updated_at`,`user_salt`,`is_admin` FROM `admin_info` WHERE `name`='wangzhongyang' LIMIT 1
2023-07-24 22:33:47.129 [DEBU] {083a1e4356d47417f6416222458aea3a} [  0 ms] [default] [rows:1  ] SELECT `id`,`name`,`password`,`role_ids`,`created_at`,`updated_at`,`user_salt`,`is_admin` FROM `admin_info` WHERE `name`='wangzhongyang' LIMIT 1
2023-07-24 22:35:32.686 [DEBU] {c01d7cd66ed47417a259573ef8da5fbe} [  6 ms] [default] [rows:8  ] SHOW FULL COLUMNS FROM `admin_info`
2023-07-24 22:35:32.688 [DEBU] {f087e6d66ed47417a359573ee37af3e8} [  1 ms] [default] [rows:1  ] SELECT `id`,`name`,`password`,`role_ids`,`created_at`,`updated_at`,`user_salt`,`is_admin` FROM `admin_info` WHERE `name`='wangzhongyang' LIMIT 1
2023-07-24 22:35:38.497 [DEBU] {f051203170d47417a559573eeb3de4b2} [  1 ms] [default] [rows:1  ] SELECT `id`,`name`,`password`,`role_ids`,`created_at`,`updated_at`,`user_salt`,`is_admin` FROM `admin_info` WHERE `name`='wangzhongyang' LIMIT 1
2023-07-24 22:36:32.877 [DEBU] {a0c361da7cd47417a759573ed30b0e08} [  2 ms] [default] [rows:1  ] SELECT `id`,`name`,`password`,`role_ids`,`created_at`,`updated_at`,`user_salt`,`is_admin` FROM `admin_info` WHERE `name`='wangzhongyang' LIMIT 1
2023-07-24 22:56:46.084 [DEBU] {505ad25297d57417b97ccc7582bebe87} [  7 ms] [default] [rows:8  ] SHOW FULL COLUMNS FROM `admin_info`
2023-07-24 22:56:46.087 [DEBU] {08ad585397d57417ba7ccc75a77c105d} [  2 ms] [default] [rows:1  ] SELECT `id`,`name`,`password`,`role_ids`,`created_at`,`updated_at`,`user_salt`,`is_admin` FROM `admin_info` WHERE `name`='wangzhongyang' LIMIT 1
2023-07-24 22:56:46.089 [DEBU] {8878805397d57417bb7ccc752aa3b340} [  1 ms] [default] [rows:1  ] SELECT `id`,`name`,`password`,`role_ids`,`created_at`,`updated_at`,`user_salt`,`is_admin` FROM `admin_info` WHERE `id`='3' LIMIT 1
2023-07-24 22:56:46.092 [DEBU] {e01b945397d57417bc7ccc75a1d20b05} [  3 ms] [default] [rows:5  ] SHOW FULL COLUMNS FROM `role_permission_info`
2023-07-24 22:56:46.098 [DEBU] {b05cc95397d57417bd7ccc75e347bbe3} [  5 ms] [default] [rows:0  ] SELECT `id`,`role_id`,`permission_id`,`created_at`,`updated_at` FROM `role_permission_info` WHERE `role_id` IN ('2')
2023-07-24 22:56:46.102 [DEBU] {f8b7205497d57417be7ccc75228dc28e} [  4 ms] [default] [rows:6  ] SHOW FULL COLUMNS FROM `permission_info`
2023-07-24 22:56:46.104 [DEBU] {181b5c5497d57417bf7ccc755ba7ebb0} [  2 ms] [default] [rows:0  ] SELECT `id`,`name`,`path`,`created_at`,`updated_at`,`deleted_at` FROM `permission_info` WHERE (0=1) AND `deleted_at` IS NULL
