2023-05-01 22:06:56.161 [DEBU] {d03cbe7f1f0a5b17b0742339bc7ebdbf} [  4 ms] [default] [shop] [rows:7  ] SHOW FULL COLUMNS FROM `rotation_info`
2023-05-01 22:06:56.169 [DEBU] {d03cbe7f1f0a5b17b0742339bc7ebdbf} [  7 ms] [default] [shop] [rows:1  ] INSERT INTO `rotation_info`(`link`,`sort`,`created_at`,`pic_url`,`updated_at`) VALUES('http',11,'2023-05-01 22:06:56','http','2023-05-01 22:06:56') 
2023-05-01 22:16:34.121 [DEBU] {501cf110a60a5b17c07423391a671b05} [  3 ms] [default] [shop] [rows:1  ] INSERT INTO `rotation_info`(`pic_url`,`updated_at`,`link`,`sort`,`created_at`) VALUES('111','2023-05-01 22:16:34','111',11,'2023-05-01 22:16:34') 
2023-05-01 22:16:34.617 [DEBU] {a8fd992ea60a5b17c1742339423f9529} [  1 ms] [default] [shop] [rows:1  ] INSERT INTO `rotation_info`(`link`,`sort`,`created_at`,`pic_url`,`updated_at`) VALUES('111',11,'2023-05-01 22:16:34','111','2023-05-01 22:16:34') 
2023-05-01 22:18:24.062 [DEBU] {d83100aabf0a5b17c774233952d3fcee} [  2 ms] [default] [shop] [rows:1  ] INSERT INTO `rotation_info`(`link`,`sort`,`created_at`,`pic_url`,`updated_at`) VALUES('333',1,'2023-05-01 22:18:24','111','2023-05-01 22:18:24') 
2023-05-01 22:18:28.618 [DEBU] {f0739ab9c00a5b17c8742339005ae844} [  1 ms] [default] [shop] [rows:1  ] INSERT INTO `rotation_info`(`pic_url`,`updated_at`,`link`,`sort`,`created_at`) VALUES('111','2023-05-01 22:18:28','333',1,'2023-05-01 22:18:28') 
2023-05-01 22:18:29.021 [DEBU] {b81c9ed1c00a5b17c9742339953c2dc9} [  1 ms] [default] [shop] [rows:1  ] INSERT INTO `rotation_info`(`link`,`created_at`,`pic_url`,`sort`,`updated_at`) VALUES('333','2023-05-01 22:18:29','111',1,'2023-05-01 22:18:29') 
2023-05-01 22:19:15.173 [DEBU] {c0056b90cb0a5b17ce74233907ec1287} [  3 ms] [default] [shop] [rows:1  ] INSERT INTO `rotation_info`(`pic_url`,`created_at`,`link`,`updated_at`,`sort`) VALUES('111','2023-05-01 22:19:15','333','2023-05-01 22:19:15',1) 
2023-05-01 22:19:24.094 [DEBU] {d0c638a4cd0a5b17cf7423392720589d} [  1 ms] [default] [shop] [rows:1  ] INSERT INTO `rotation_info`(`link`,`sort`,`created_at`,`pic_url`,`updated_at`) VALUES('333',1,'2023-05-01 22:19:24','111','2023-05-01 22:19:24') 
2023-05-01 22:20:44.184 [DEBU] {485a7210d60a5b17a147d34ece00a371} [  5 ms] [default] [shop] [rows:7  ] SHOW FULL COLUMNS FROM `rotation_info`
2023-05-01 22:20:44.187 [DEBU] {485a7210d60a5b17a147d34ece00a371} [  2 ms] [default] [shop] [rows:1  ] INSERT INTO `rotation_info`(`created_at`,`sort`,`pic_url`,`link`,`updated_at`) VALUES('2023-05-01 22:20:44',1,'111','333','2023-05-01 22:20:44') 
2023-05-01 22:21:00.776 [DEBU] {38dda00ee10a5b17a247d34ec412205f} [  1 ms] [default] [shop] [rows:1  ] INSERT INTO `rotation_info`(`created_at`,`sort`,`link`,`updated_at`,`pic_url`) VALUES('2023-05-01 22:21:00',1,'333','2023-05-01 22:21:00','111') 
2023-05-01 22:21:28.700 [DEBU] {80b42f1be50a5b17a347d34e5e176255} [  2 ms] [default] [shop] [rows:1  ] INSERT INTO `rotation_info`(`link`,`sort`,`created_at`,`pic_url`,`updated_at`) VALUES('333',1,'2023-05-01 22:21:28','111','2023-05-01 22:21:28') 
2023-05-01 22:21:43.730 [DEBU] {9074488beb0a5b17a447d34e4de22b19} [  1 ms] [default] [shop] [rows:1  ] INSERT INTO `rotation_info`(`link`,`sort`,`created_at`,`pic_url`,`updated_at`) VALUES('333',1,'2023-05-01 22:21:43','111','2023-05-01 22:21:43') 
2023-05-01 22:21:55.760 [DEBU] {684ca231f00a5b17a547d34e7da57343} [  2 ms] [default] [shop] [rows:1  ] INSERT INTO `rotation_info`(`created_at`,`sort`,`pic_url`,`link`,`updated_at`) VALUES('2023-05-01 22:21:55',1,'111','333','2023-05-01 22:21:55') 
2023-05-01 22:22:41.976 [DEBU] {88f1fa42f30a5b17a647d34e001023d2} [  2 ms] [default] [shop] [rows:1  ] INSERT INTO `rotation_info`(`link`,`updated_at`,`created_at`,`sort`,`pic_url`) VALUES('333','2023-05-01 22:22:41','2023-05-01 22:22:41',1,'111') 
2023-05-01 22:23:06.805 [DEBU] {60905201fd0a5b17a747d34e1377c8cb} [  2 ms] [default] [shop] [rows:1  ] INSERT INTO `rotation_info`(`link`,`sort`,`created_at`,`pic_url`,`updated_at`) VALUES('333',1,'2023-05-01 22:23:06','111','2023-05-01 22:23:06') 
2023-05-01 22:23:55.078 [DEBU] {f004eb9e030b5b17a847d34e9f268b10} [  3 ms] [default] [shop] [rows:1  ] INSERT INTO `rotation_info`(`link`,`sort`,`created_at`,`pic_url`,`updated_at`) VALUES('333',1,'2023-05-01 22:23:55','111','2023-05-01 22:23:55') 
2023-05-01 22:26:04.741 [DEBU] {28684340280b5b17b247d34e30d69b3e} [  1 ms] [default] [shop] [rows:0  ] [txid:1] BEGIN
2023-05-01 22:26:04.743 [DEBU] {28684340280b5b17b247d34e30d69b3e} [  1 ms] [default] [shop] [rows:1  ] [txid:1] DELETE FROM `rotation_info` WHERE `id`=1
2023-05-01 22:26:04.744 [DEBU] {28684340280b5b17b247d34e30d69b3e} [  1 ms] [default] [shop] [rows:0  ] [txid:1] COMMIT
2023-05-01 22:27:10.123 [DEBU] {60dbc688380b5b17b347d34ebcac785e} [  3 ms] [default] [shop] [rows:1  ] INSERT INTO `rotation_info`(`pic_url`,`updated_at`,`link`,`sort`,`created_at`) VALUES('111','2023-05-01 22:27:10','333',1,'2023-05-01 22:27:10') 
2023-05-01 22:31:22.453 [DEBU] {800918c2730b5b17bb47d34ed0166b12} [  1 ms] [default] [shop] [rows:0  ] [txid:2] BEGIN
2023-05-01 22:31:22.455 [DEBU] {800918c2730b5b17bb47d34ed0166b12} [  1 ms] [default] [shop] [rows:0  ] [txid:2] UPDATE `rotation_info` SET `link`='ddddd',`pic_url`='ddd',`updated_at`='2023-05-01 22:31:22',`sort`=0 WHERE (`id`=2) AND `deleted_at` IS NULL
2023-05-01 22:31:22.455 [DEBU] {800918c2730b5b17bb47d34ed0166b12} [  0 ms] [default] [shop] [rows:0  ] [txid:2] COMMIT
